-- The C compiler identification is GNU 9.4.0
-- The CXX compiler identification is GNU 9.4.0
-- Check for working C compiler: /usr/bin/cc
-- Check for working C compiler: /usr/bin/cc -- works
-- Detecting C compiler ABI info
-- Detecting C compiler ABI info - done
-- Detecting C compile features
-- Detecting C compile features - done
-- Check for working CXX compiler: /usr/bin/c++
-- Check for working CXX compiler: /usr/bin/c++ -- works
-- Detecting CXX compiler ABI info
-- Detecting CXX compiler ABI info - done
-- Detecting CXX compile features
-- Detecting CXX compile features - done
-- Found ament_cmake: 0.9.12 (/opt/ros/foxy/share/ament_cmake/cmake)
-- Found PythonInterp: /usr/bin/python3 (found suitable version "3.8.10", minimum required is "3") 
-- Using PYTHON_EXECUTABLE: /usr/bin/python3
-- Found geometry_msgs: 2.0.5 (/opt/ros/foxy/share/geometry_msgs/cmake)
-- Using all available rosidl_typesupport_c: rosidl_typesupport_fastrtps_c;rosidl_typesupport_introspection_c
-- Found rosidl_adapter: 1.3.1 (/opt/ros/foxy/share/rosidl_adapter/cmake)
-- Found OpenSSL: /usr/lib/x86_64-linux-gnu/libcrypto.so (found version "1.1.1f")  
-- Found FastRTPS: /opt/ros/foxy/include  
-- Using all available rosidl_typesupport_cpp: rosidl_typesupport_fastrtps_cpp;rosidl_typesupport_introspection_cpp
-- Found rosidl_default_generators: 1.0.1 (/opt/ros/foxy/share/rosidl_default_generators/cmake)
-- Found PythonInterp: /usr/bin/python3 (found version "3.8.10") 
-- Found ament_cmake_ros: 0.9.2 (/opt/ros/foxy/share/ament_cmake_ros/cmake)
-- Using all available rosidl_typesupport_c: rosidl_typesupport_fastrtps_c;rosidl_typesupport_introspection_c
-- Using all available rosidl_typesupport_cpp: rosidl_typesupport_fastrtps_cpp;rosidl_typesupport_introspection_cpp
-- Found PythonInterp: /usr/bin/python3 (found suitable version "3.8.10", minimum required is "3.5") 
-- Found python_cmake_module: 0.8.1 (/opt/ros/foxy/share/python_cmake_module/cmake)
-- Found PythonLibs: /usr/lib/x86_64-linux-gnu/libpython3.8.so (found suitable version "3.8.10", minimum required is "3.5") 
-- Using PYTHON_EXECUTABLE: /usr/bin/python3
-- Using PYTHON_INCLUDE_DIRS: /usr/include/python3.8
-- Using PYTHON_LIBRARIES: /usr/lib/x86_64-linux-gnu/libpython3.8.so
-- Found PythonExtra: .so  
-- Found ament_lint_auto: 0.9.8 (/opt/ros/foxy/share/ament_lint_auto/cmake)
-- Added test 'lint_cmake' to check CMake code style
-- Added test 'xmllint' to check XML markup files
-- Configuring done
-- Generating done
-- Build files have been written to: /f1tenth_ws/build/f1tenth_msgs
[35m[1mScanning dependencies of target f1tenth_msgs__cpp[0m
[  2%] [34m[1mGenerating C code for ROS interfaces[0m
[  5%] [34m[1mGenerating C++ code for ROS interfaces[0m
[35m[1mScanning dependencies of target f1tenth_msgs__rosidl_generator_c[0m
[ 10%] [32mBuilding C object CMakeFiles/f1tenth_msgs__rosidl_generator_c.dir/rosidl_generator_c/f1tenth_msgs/srv/detail/aeb__functions.c.o[0m
[ 10%] [32mBuilding C object CMakeFiles/f1tenth_msgs__rosidl_generator_c.dir/rosidl_generator_c/f1tenth_msgs/srv/detail/add_two_ints__functions.c.o[0m
[ 10%] Built target f1tenth_msgs__cpp
[ 17%] [34m[1mGenerating C++ introspection for ROS interfaces[0m
[ 17%] [34m[1mGenerating C++ type support dispatch for ROS interfaces[0m
[ 17%] [34m[1mGenerating C++ type support for eProsima Fast-RTPS[0m
[ 20%] [32m[1mLinking C shared library libf1tenth_msgs__rosidl_generator_c.so[0m
[ 20%] Built target f1tenth_msgs__rosidl_generator_c
[ 23%] [34m[1mGenerating C type support dispatch for ROS interfaces[0m
[ 25%] [34m[1mGenerating C introspection for ROS interfaces[0m
[35m[1mScanning dependencies of target f1tenth_msgs__rosidl_typesupport_c[0m
[ 28%] [32mBuilding CXX object CMakeFiles/f1tenth_msgs__rosidl_typesupport_c.dir/rosidl_typesupport_c/f1tenth_msgs/srv/aeb__type_support.cpp.o[0m
[ 30%] [32mBuilding CXX object CMakeFiles/f1tenth_msgs__rosidl_typesupport_c.dir/rosidl_typesupport_c/f1tenth_msgs/srv/add_two_ints__type_support.cpp.o[0m
[ 33%] [32m[1mLinking CXX shared library libf1tenth_msgs__rosidl_typesupport_c.so[0m
[35m[1mScanning dependencies of target f1tenth_msgs__rosidl_typesupport_cpp[0m
[35m[1mScanning dependencies of target f1tenth_msgs__rosidl_typesupport_fastrtps_cpp[0m
[ 33%] Built target f1tenth_msgs__rosidl_typesupport_c
[ 38%] [32mBuilding CXX object CMakeFiles/f1tenth_msgs__rosidl_typesupport_cpp.dir/rosidl_typesupport_cpp/f1tenth_msgs/srv/add_two_ints__type_support.cpp.o[0m
[ 38%] [32mBuilding CXX object CMakeFiles/f1tenth_msgs__rosidl_typesupport_cpp.dir/rosidl_typesupport_cpp/f1tenth_msgs/srv/aeb__type_support.cpp.o[0m
[ 43%] [32mBuilding CXX object CMakeFiles/f1tenth_msgs__rosidl_typesupport_fastrtps_cpp.dir/rosidl_typesupport_fastrtps_cpp/f1tenth_msgs/srv/detail/dds_fastrtps/add_two_ints__type_support.cpp.o[0m
[ 43%] [32mBuilding CXX object CMakeFiles/f1tenth_msgs__rosidl_typesupport_fastrtps_cpp.dir/rosidl_typesupport_fastrtps_cpp/f1tenth_msgs/srv/detail/dds_fastrtps/aeb__type_support.cpp.o[0m
[35m[1mScanning dependencies of target f1tenth_msgs__rosidl_typesupport_introspection_cpp[0m
[35m[1mScanning dependencies of target f1tenth_msgs__rosidl_typesupport_introspection_c[0m
[ 46%] [32mBuilding CXX object CMakeFiles/f1tenth_msgs__rosidl_typesupport_introspection_cpp.dir/rosidl_typesupport_introspection_cpp/f1tenth_msgs/srv/detail/add_two_ints__type_support.cpp.o[0m
[ 48%] [32mBuilding CXX object CMakeFiles/f1tenth_msgs__rosidl_typesupport_introspection_cpp.dir/rosidl_typesupport_introspection_cpp/f1tenth_msgs/srv/detail/aeb__type_support.cpp.o[0m
[ 53%] [32mBuilding C object CMakeFiles/f1tenth_msgs__rosidl_typesupport_introspection_c.dir/rosidl_typesupport_introspection_c/f1tenth_msgs/srv/detail/aeb__type_support.c.o[0m
[ 53%] [32mBuilding C object CMakeFiles/f1tenth_msgs__rosidl_typesupport_introspection_c.dir/rosidl_typesupport_introspection_c/f1tenth_msgs/srv/detail/add_two_ints__type_support.c.o[0m
[ 56%] [32m[1mLinking C shared library libf1tenth_msgs__rosidl_typesupport_introspection_c.so[0m
[ 56%] Built target f1tenth_msgs__rosidl_typesupport_introspection_c
[ 58%] [32m[1mLinking CXX shared library libf1tenth_msgs__rosidl_typesupport_cpp.so[0m
[ 61%] [32m[1mLinking CXX shared library libf1tenth_msgs__rosidl_typesupport_introspection_cpp.so[0m
[ 61%] Built target f1tenth_msgs__rosidl_typesupport_cpp
[ 61%] Built target f1tenth_msgs__rosidl_typesupport_introspection_cpp
[ 64%] [32m[1mLinking CXX shared library libf1tenth_msgs__rosidl_typesupport_fastrtps_cpp.so[0m
[ 64%] Built target f1tenth_msgs__rosidl_typesupport_fastrtps_cpp
[ 66%] [34m[1mGenerating C type support for eProsima Fast-RTPS[0m
[35m[1mScanning dependencies of target f1tenth_msgs__rosidl_typesupport_fastrtps_c[0m
[ 71%] [32mBuilding CXX object CMakeFiles/f1tenth_msgs__rosidl_typesupport_fastrtps_c.dir/rosidl_typesupport_fastrtps_c/f1tenth_msgs/srv/detail/add_two_ints__type_support_c.cpp.o[0m
[ 71%] [32mBuilding CXX object CMakeFiles/f1tenth_msgs__rosidl_typesupport_fastrtps_c.dir/rosidl_typesupport_fastrtps_c/f1tenth_msgs/srv/detail/aeb__type_support_c.cpp.o[0m
[ 74%] [32m[1mLinking CXX shared library libf1tenth_msgs__rosidl_typesupport_fastrtps_c.so[0m
[ 74%] Built target f1tenth_msgs__rosidl_typesupport_fastrtps_c
[35m[1mScanning dependencies of target f1tenth_msgs[0m
[ 74%] Built target f1tenth_msgs
[35m[1mScanning dependencies of target f1tenth_msgs__py[0m
[ 76%] [34m[1mGenerating Python code for ROS interfaces[0m
[ 76%] Built target f1tenth_msgs__py
[35m[1mScanning dependencies of target f1tenth_msgs__python[0m
[ 79%] [32mBuilding C object CMakeFiles/f1tenth_msgs__python.dir/rosidl_generator_py/f1tenth_msgs/srv/_aeb_s.c.o[0m
[ 82%] [32mBuilding C object CMakeFiles/f1tenth_msgs__python.dir/rosidl_generator_py/f1tenth_msgs/srv/_add_two_ints_s.c.o[0m
[ 84%] [32m[1mLinking C shared library rosidl_generator_py/f1tenth_msgs/libf1tenth_msgs__python.so[0m
[ 84%] Built target f1tenth_msgs__python
[35m[1mScanning dependencies of target f1tenth_msgs__rosidl_typesupport_introspection_c__pyext[0m
[35m[1mScanning dependencies of target f1tenth_msgs__rosidl_typesupport_c__pyext[0m
[35m[1mScanning dependencies of target f1tenth_msgs__rosidl_typesupport_fastrtps_c__pyext[0m
[ 89%] [32mBuilding C object CMakeFiles/f1tenth_msgs__rosidl_typesupport_introspection_c__pyext.dir/rosidl_generator_py/f1tenth_msgs/_f1tenth_msgs_s.ep.rosidl_typesupport_introspection_c.c.o[0m
[ 89%] [32mBuilding C object CMakeFiles/f1tenth_msgs__rosidl_typesupport_c__pyext.dir/rosidl_generator_py/f1tenth_msgs/_f1tenth_msgs_s.ep.rosidl_typesupport_c.c.o[0m
[ 92%] [32mBuilding C object CMakeFiles/f1tenth_msgs__rosidl_typesupport_fastrtps_c__pyext.dir/rosidl_generator_py/f1tenth_msgs/_f1tenth_msgs_s.ep.rosidl_typesupport_fastrtps_c.c.o[0m
[ 94%] [32m[1mLinking C shared library rosidl_generator_py/f1tenth_msgs/f1tenth_msgs_s__rosidl_typesupport_introspection_c.cpython-38-x86_64-linux-gnu.so[0m
[ 97%] [32m[1mLinking C shared library rosidl_generator_py/f1tenth_msgs/f1tenth_msgs_s__rosidl_typesupport_c.cpython-38-x86_64-linux-gnu.so[0m
[100%] [32m[1mLinking CXX shared library rosidl_generator_py/f1tenth_msgs/f1tenth_msgs_s__rosidl_typesupport_fastrtps_c.cpython-38-x86_64-linux-gnu.so[0m
[100%] Built target f1tenth_msgs__rosidl_typesupport_introspection_c__pyext
[100%] Built target f1tenth_msgs__rosidl_typesupport_c__pyext
[100%] Built target f1tenth_msgs__rosidl_typesupport_fastrtps_c__pyext
-- Install configuration: ""
-- Installing: /f1tenth_ws/install/f1tenth_msgs/share/ament_index/resource_index/rosidl_interfaces/f1tenth_msgs
-- Installing: /f1tenth_ws/install/f1tenth_msgs/include/f1tenth_msgs
-- Installing: /f1tenth_ws/install/f1tenth_msgs/include/f1tenth_msgs/srv
-- Installing: /f1tenth_ws/install/f1tenth_msgs/include/f1tenth_msgs/srv/add_two_ints.h
-- Installing: /f1tenth_ws/install/f1tenth_msgs/include/f1tenth_msgs/srv/detail
-- Installing: /f1tenth_ws/install/f1tenth_msgs/include/f1tenth_msgs/srv/detail/aeb__functions.h
-- Installing: /f1tenth_ws/install/f1tenth_msgs/include/f1tenth_msgs/srv/detail/add_two_ints__functions.h
-- Installing: /f1tenth_ws/install/f1tenth_msgs/include/f1tenth_msgs/srv/detail/add_two_ints__type_support.h
-- Installing: /f1tenth_ws/install/f1tenth_msgs/include/f1tenth_msgs/srv/detail/add_two_ints__functions.c
-- Installing: /f1tenth_ws/install/f1tenth_msgs/include/f1tenth_msgs/srv/detail/aeb__struct.h
-- Installing: /f1tenth_ws/install/f1tenth_msgs/include/f1tenth_msgs/srv/detail/aeb__type_support.h
-- Installing: /f1tenth_ws/install/f1tenth_msgs/include/f1tenth_msgs/srv/detail/aeb__functions.c
-- Installing: /f1tenth_ws/install/f1tenth_msgs/include/f1tenth_msgs/srv/detail/add_two_ints__struct.h
-- Installing: /f1tenth_ws/install/f1tenth_msgs/include/f1tenth_msgs/srv/aeb.h
-- Installing: /f1tenth_ws/install/f1tenth_msgs/include/f1tenth_msgs/msg
-- Installing: /f1tenth_ws/install/f1tenth_msgs/include/f1tenth_msgs/msg/rosidl_generator_c__visibility_control.h
-- Installing: /f1tenth_ws/install/f1tenth_msgs/share/f1tenth_msgs/environment/library_path.sh
-- Installing: /f1tenth_ws/install/f1tenth_msgs/share/f1tenth_msgs/environment/library_path.dsv
-- Installing: /f1tenth_ws/install/f1tenth_msgs/lib/libf1tenth_msgs__rosidl_generator_c.so
-- Set runtime path of "/f1tenth_ws/install/f1tenth_msgs/lib/libf1tenth_msgs__rosidl_generator_c.so" to ""
-- Up-to-date: /f1tenth_ws/install/f1tenth_msgs/include/f1tenth_msgs
-- Up-to-date: /f1tenth_ws/install/f1tenth_msgs/include/f1tenth_msgs/srv
-- Up-to-date: /f1tenth_ws/install/f1tenth_msgs/include/f1tenth_msgs/srv/detail
-- Installing: /f1tenth_ws/install/f1tenth_msgs/include/f1tenth_msgs/srv/detail/aeb__rosidl_typesupport_fastrtps_c.h
-- Installing: /f1tenth_ws/install/f1tenth_msgs/include/f1tenth_msgs/srv/detail/add_two_ints__rosidl_typesupport_fastrtps_c.h
-- Up-to-date: /f1tenth_ws/install/f1tenth_msgs/include/f1tenth_msgs/msg
-- Installing: /f1tenth_ws/install/f1tenth_msgs/include/f1tenth_msgs/msg/rosidl_typesupport_fastrtps_c__visibility_control.h
-- Installing: /f1tenth_ws/install/f1tenth_msgs/lib/libf1tenth_msgs__rosidl_typesupport_fastrtps_c.so
-- Set runtime path of "/f1tenth_ws/install/f1tenth_msgs/lib/libf1tenth_msgs__rosidl_typesupport_fastrtps_c.so" to ""
-- Up-to-date: /f1tenth_ws/install/f1tenth_msgs/include/f1tenth_msgs
-- Up-to-date: /f1tenth_ws/install/f1tenth_msgs/include/f1tenth_msgs/srv
-- Up-to-date: /f1tenth_ws/install/f1tenth_msgs/include/f1tenth_msgs/srv/detail
-- Installing: /f1tenth_ws/install/f1tenth_msgs/include/f1tenth_msgs/srv/detail/aeb__rosidl_typesupport_fastrtps_cpp.hpp
-- Installing: /f1tenth_ws/install/f1tenth_msgs/include/f1tenth_msgs/srv/detail/add_two_ints__rosidl_typesupport_fastrtps_cpp.hpp
-- Installing: /f1tenth_ws/install/f1tenth_msgs/include/f1tenth_msgs/srv/detail/dds_fastrtps
-- Up-to-date: /f1tenth_ws/install/f1tenth_msgs/include/f1tenth_msgs/msg
-- Installing: /f1tenth_ws/install/f1tenth_msgs/include/f1tenth_msgs/msg/rosidl_typesupport_fastrtps_cpp__visibility_control.h
-- Installing: /f1tenth_ws/install/f1tenth_msgs/lib/libf1tenth_msgs__rosidl_typesupport_fastrtps_cpp.so
-- Set runtime path of "/f1tenth_ws/install/f1tenth_msgs/lib/libf1tenth_msgs__rosidl_typesupport_fastrtps_cpp.so" to ""
-- Up-to-date: /f1tenth_ws/install/f1tenth_msgs/include/f1tenth_msgs
-- Up-to-date: /f1tenth_ws/install/f1tenth_msgs/include/f1tenth_msgs/srv
-- Up-to-date: /f1tenth_ws/install/f1tenth_msgs/include/f1tenth_msgs/srv/detail
-- Installing: /f1tenth_ws/install/f1tenth_msgs/include/f1tenth_msgs/srv/detail/add_two_ints__type_support.c
-- Installing: /f1tenth_ws/install/f1tenth_msgs/include/f1tenth_msgs/srv/detail/aeb__rosidl_typesupport_introspection_c.h
-- Installing: /f1tenth_ws/install/f1tenth_msgs/include/f1tenth_msgs/srv/detail/aeb__type_support.c
-- Installing: /f1tenth_ws/install/f1tenth_msgs/include/f1tenth_msgs/srv/detail/add_two_ints__rosidl_typesupport_introspection_c.h
-- Up-to-date: /f1tenth_ws/install/f1tenth_msgs/include/f1tenth_msgs/msg
-- Installing: /f1tenth_ws/install/f1tenth_msgs/include/f1tenth_msgs/msg/rosidl_typesupport_introspection_c__visibility_control.h
-- Installing: /f1tenth_ws/install/f1tenth_msgs/lib/libf1tenth_msgs__rosidl_typesupport_introspection_c.so
-- Set runtime path of "/f1tenth_ws/install/f1tenth_msgs/lib/libf1tenth_msgs__rosidl_typesupport_introspection_c.so" to ""
-- Installing: /f1tenth_ws/install/f1tenth_msgs/lib/libf1tenth_msgs__rosidl_typesupport_c.so
-- Set runtime path of "/f1tenth_ws/install/f1tenth_msgs/lib/libf1tenth_msgs__rosidl_typesupport_c.so" to ""
-- Up-to-date: /f1tenth_ws/install/f1tenth_msgs/include/f1tenth_msgs
-- Up-to-date: /f1tenth_ws/install/f1tenth_msgs/include/f1tenth_msgs/srv
-- Installing: /f1tenth_ws/install/f1tenth_msgs/include/f1tenth_msgs/srv/add_two_ints.hpp
-- Installing: /f1tenth_ws/install/f1tenth_msgs/include/f1tenth_msgs/srv/aeb.hpp
-- Up-to-date: /f1tenth_ws/install/f1tenth_msgs/include/f1tenth_msgs/srv/detail
-- Installing: /f1tenth_ws/install/f1tenth_msgs/include/f1tenth_msgs/srv/detail/add_two_ints__builder.hpp
-- Installing: /f1tenth_ws/install/f1tenth_msgs/include/f1tenth_msgs/srv/detail/add_two_ints__type_support.hpp
-- Installing: /f1tenth_ws/install/f1tenth_msgs/include/f1tenth_msgs/srv/detail/aeb__traits.hpp
-- Installing: /f1tenth_ws/install/f1tenth_msgs/include/f1tenth_msgs/srv/detail/aeb__type_support.hpp
-- Installing: /f1tenth_ws/install/f1tenth_msgs/include/f1tenth_msgs/srv/detail/aeb__builder.hpp
-- Installing: /f1tenth_ws/install/f1tenth_msgs/include/f1tenth_msgs/srv/detail/add_two_ints__struct.hpp
-- Installing: /f1tenth_ws/install/f1tenth_msgs/include/f1tenth_msgs/srv/detail/add_two_ints__traits.hpp
-- Installing: /f1tenth_ws/install/f1tenth_msgs/include/f1tenth_msgs/srv/detail/aeb__struct.hpp
-- Up-to-date: /f1tenth_ws/install/f1tenth_msgs/include/f1tenth_msgs/msg
-- Installing: /f1tenth_ws/install/f1tenth_msgs/include/f1tenth_msgs/msg/rosidl_generator_cpp__visibility_control.hpp
-- Up-to-date: /f1tenth_ws/install/f1tenth_msgs/include/f1tenth_msgs
-- Up-to-date: /f1tenth_ws/install/f1tenth_msgs/include/f1tenth_msgs/srv
-- Up-to-date: /f1tenth_ws/install/f1tenth_msgs/include/f1tenth_msgs/srv/detail
-- Installing: /f1tenth_ws/install/f1tenth_msgs/include/f1tenth_msgs/srv/detail/aeb__rosidl_typesupport_introspection_cpp.hpp
-- Installing: /f1tenth_ws/install/f1tenth_msgs/include/f1tenth_msgs/srv/detail/aeb__type_support.cpp
-- Installing: /f1tenth_ws/install/f1tenth_msgs/include/f1tenth_msgs/srv/detail/add_two_ints__rosidl_typesupport_introspection_cpp.hpp
-- Installing: /f1tenth_ws/install/f1tenth_msgs/include/f1tenth_msgs/srv/detail/add_two_ints__type_support.cpp
-- Installing: /f1tenth_ws/install/f1tenth_msgs/lib/libf1tenth_msgs__rosidl_typesupport_introspection_cpp.so
-- Set runtime path of "/f1tenth_ws/install/f1tenth_msgs/lib/libf1tenth_msgs__rosidl_typesupport_introspection_cpp.so" to ""
-- Installing: /f1tenth_ws/install/f1tenth_msgs/lib/libf1tenth_msgs__rosidl_typesupport_cpp.so
-- Set runtime path of "/f1tenth_ws/install/f1tenth_msgs/lib/libf1tenth_msgs__rosidl_typesupport_cpp.so" to ""
-- Installing: /f1tenth_ws/install/f1tenth_msgs/share/f1tenth_msgs/environment/pythonpath.sh
-- Installing: /f1tenth_ws/install/f1tenth_msgs/share/f1tenth_msgs/environment/pythonpath.dsv
-- Installing: /f1tenth_ws/install/f1tenth_msgs/lib/python3.8/site-packages/f1tenth_msgs/__init__.py
Compiling '/f1tenth_ws/install/f1tenth_msgs/lib/python3.8/site-packages/f1tenth_msgs/__init__.py'...
-- Installing: /f1tenth_ws/install/f1tenth_msgs/lib/python3.8/site-packages/f1tenth_msgs/srv
-- Installing: /f1tenth_ws/install/f1tenth_msgs/lib/python3.8/site-packages/f1tenth_msgs/srv/__init__.py
-- Installing: /f1tenth_ws/install/f1tenth_msgs/lib/python3.8/site-packages/f1tenth_msgs/srv/_aeb_s.c
-- Installing: /f1tenth_ws/install/f1tenth_msgs/lib/python3.8/site-packages/f1tenth_msgs/srv/_aeb.py
-- Installing: /f1tenth_ws/install/f1tenth_msgs/lib/python3.8/site-packages/f1tenth_msgs/srv/_add_two_ints_s.c
-- Installing: /f1tenth_ws/install/f1tenth_msgs/lib/python3.8/site-packages/f1tenth_msgs/srv/_add_two_ints.py
-- Installing: /f1tenth_ws/install/f1tenth_msgs/lib/python3.8/site-packages/f1tenth_msgs/f1tenth_msgs_s__rosidl_typesupport_fastrtps_c.cpython-38-x86_64-linux-gnu.so
-- Set runtime path of "/f1tenth_ws/install/f1tenth_msgs/lib/python3.8/site-packages/f1tenth_msgs/f1tenth_msgs_s__rosidl_typesupport_fastrtps_c.cpython-38-x86_64-linux-gnu.so" to ""
-- Installing: /f1tenth_ws/install/f1tenth_msgs/lib/python3.8/site-packages/f1tenth_msgs/f1tenth_msgs_s__rosidl_typesupport_introspection_c.cpython-38-x86_64-linux-gnu.so
-- Set runtime path of "/f1tenth_ws/install/f1tenth_msgs/lib/python3.8/site-packages/f1tenth_msgs/f1tenth_msgs_s__rosidl_typesupport_introspection_c.cpython-38-x86_64-linux-gnu.so" to ""
-- Installing: /f1tenth_ws/install/f1tenth_msgs/lib/python3.8/site-packages/f1tenth_msgs/f1tenth_msgs_s__rosidl_typesupport_c.cpython-38-x86_64-linux-gnu.so
-- Set runtime path of "/f1tenth_ws/install/f1tenth_msgs/lib/python3.8/site-packages/f1tenth_msgs/f1tenth_msgs_s__rosidl_typesupport_c.cpython-38-x86_64-linux-gnu.so" to ""
-- Installing: /f1tenth_ws/install/f1tenth_msgs/lib/libf1tenth_msgs__python.so
-- Set runtime path of "/f1tenth_ws/install/f1tenth_msgs/lib/libf1tenth_msgs__python.so" to ""
-- Installing: /f1tenth_ws/install/f1tenth_msgs/share/f1tenth_msgs/srv/AddTwoInts.idl
-- Installing: /f1tenth_ws/install/f1tenth_msgs/share/f1tenth_msgs/srv/Aeb.idl
-- Installing: /f1tenth_ws/install/f1tenth_msgs/share/f1tenth_msgs/srv/AddTwoInts.srv
-- Installing: /f1tenth_ws/install/f1tenth_msgs/share/f1tenth_msgs/srv/AddTwoInts_Request.msg
-- Installing: /f1tenth_ws/install/f1tenth_msgs/share/f1tenth_msgs/srv/AddTwoInts_Response.msg
-- Installing: /f1tenth_ws/install/f1tenth_msgs/share/f1tenth_msgs/srv/Aeb.srv
-- Installing: /f1tenth_ws/install/f1tenth_msgs/share/f1tenth_msgs/srv/Aeb_Request.msg
-- Installing: /f1tenth_ws/install/f1tenth_msgs/share/f1tenth_msgs/srv/Aeb_Response.msg
-- Installing: /f1tenth_ws/install/f1tenth_msgs/share/ament_index/resource_index/package_run_dependencies/f1tenth_msgs
-- Installing: /f1tenth_ws/install/f1tenth_msgs/share/ament_index/resource_index/parent_prefix_path/f1tenth_msgs
-- Installing: /f1tenth_ws/install/f1tenth_msgs/share/f1tenth_msgs/environment/ament_prefix_path.sh
-- Installing: /f1tenth_ws/install/f1tenth_msgs/share/f1tenth_msgs/environment/ament_prefix_path.dsv
-- Installing: /f1tenth_ws/install/f1tenth_msgs/share/f1tenth_msgs/environment/path.sh
-- Installing: /f1tenth_ws/install/f1tenth_msgs/share/f1tenth_msgs/environment/path.dsv
-- Installing: /f1tenth_ws/install/f1tenth_msgs/share/f1tenth_msgs/local_setup.bash
-- Installing: /f1tenth_ws/install/f1tenth_msgs/share/f1tenth_msgs/local_setup.sh
-- Installing: /f1tenth_ws/install/f1tenth_msgs/share/f1tenth_msgs/local_setup.zsh
-- Installing: /f1tenth_ws/install/f1tenth_msgs/share/f1tenth_msgs/local_setup.dsv
-- Installing: /f1tenth_ws/install/f1tenth_msgs/share/f1tenth_msgs/package.dsv
-- Installing: /f1tenth_ws/install/f1tenth_msgs/share/ament_index/resource_index/packages/f1tenth_msgs
-- Installing: /f1tenth_ws/install/f1tenth_msgs/share/f1tenth_msgs/cmake/f1tenth_msgs__rosidl_generator_cExport.cmake
-- Installing: /f1tenth_ws/install/f1tenth_msgs/share/f1tenth_msgs/cmake/f1tenth_msgs__rosidl_generator_cExport-noconfig.cmake
-- Installing: /f1tenth_ws/install/f1tenth_msgs/share/f1tenth_msgs/cmake/f1tenth_msgs__rosidl_typesupport_introspection_cExport.cmake
-- Installing: /f1tenth_ws/install/f1tenth_msgs/share/f1tenth_msgs/cmake/f1tenth_msgs__rosidl_typesupport_introspection_cExport-noconfig.cmake
-- Installing: /f1tenth_ws/install/f1tenth_msgs/share/f1tenth_msgs/cmake/f1tenth_msgs__rosidl_typesupport_cExport.cmake
-- Installing: /f1tenth_ws/install/f1tenth_msgs/share/f1tenth_msgs/cmake/f1tenth_msgs__rosidl_typesupport_cExport-noconfig.cmake
-- Installing: /f1tenth_ws/install/f1tenth_msgs/share/f1tenth_msgs/cmake/f1tenth_msgs__rosidl_generator_cppExport.cmake
-- Installing: /f1tenth_ws/install/f1tenth_msgs/share/f1tenth_msgs/cmake/f1tenth_msgs__rosidl_typesupport_introspection_cppExport.cmake
-- Installing: /f1tenth_ws/install/f1tenth_msgs/share/f1tenth_msgs/cmake/f1tenth_msgs__rosidl_typesupport_introspection_cppExport-noconfig.cmake
-- Installing: /f1tenth_ws/install/f1tenth_msgs/share/f1tenth_msgs/cmake/f1tenth_msgs__rosidl_typesupport_cppExport.cmake
-- Installing: /f1tenth_ws/install/f1tenth_msgs/share/f1tenth_msgs/cmake/f1tenth_msgs__rosidl_typesupport_cppExport-noconfig.cmake
-- Installing: /f1tenth_ws/install/f1tenth_msgs/share/f1tenth_msgs/cmake/rosidl_cmake-extras.cmake
-- Installing: /f1tenth_ws/install/f1tenth_msgs/share/f1tenth_msgs/cmake/ament_cmake_export_dependencies-extras.cmake
-- Installing: /f1tenth_ws/install/f1tenth_msgs/share/f1tenth_msgs/cmake/ament_cmake_export_libraries-extras.cmake
-- Installing: /f1tenth_ws/install/f1tenth_msgs/share/f1tenth_msgs/cmake/ament_cmake_export_targets-extras.cmake
-- Installing: /f1tenth_ws/install/f1tenth_msgs/share/f1tenth_msgs/cmake/ament_cmake_export_include_directories-extras.cmake
-- Installing: /f1tenth_ws/install/f1tenth_msgs/share/f1tenth_msgs/cmake/rosidl_cmake_export_typesupport_libraries-extras.cmake
-- Installing: /f1tenth_ws/install/f1tenth_msgs/share/f1tenth_msgs/cmake/rosidl_cmake_export_typesupport_targets-extras.cmake
-- Installing: /f1tenth_ws/install/f1tenth_msgs/share/f1tenth_msgs/cmake/f1tenth_msgsConfig.cmake
-- Installing: /f1tenth_ws/install/f1tenth_msgs/share/f1tenth_msgs/cmake/f1tenth_msgsConfig-version.cmake
-- Installing: /f1tenth_ws/install/f1tenth_msgs/share/f1tenth_msgs/package.xml
