[0.049s] Invoking command in '/f1tenth_ws/build/f1tenth_msgs': CMAKE_PREFIX_PATH=${CMAKE_PREFIX_PATH}:/sim_ws/install/f1tenth_gym_ros:/opt/ros/foxy /usr/bin/cmake /f1tenth_ws/src/f1tenth_msgs -DCMAKE_INSTALL_PREFIX=/f1tenth_ws/install/f1tenth_msgs
[0.134s] -- The C compiler identification is GNU 9.4.0
[0.207s] -- The CXX compiler identification is GNU 9.4.0
[0.213s] -- Check for working C compiler: /usr/bin/cc
[0.312s] -- Check for working C compiler: /usr/bin/cc -- works
[0.314s] -- Detecting C compiler ABI info
[0.426s] -- Detecting C compiler ABI info - done
[0.452s] -- Detecting C compile features
[0.453s] -- Detecting C compile features - done
[0.457s] -- Check for working CXX compiler: /usr/bin/c++
[0.571s] -- Check for working CXX compiler: /usr/bin/c++ -- works
[0.572s] -- Detecting CXX compiler ABI info
[0.688s] -- Detecting CXX compiler ABI info - done
[0.700s] -- Detecting CXX compile features
[0.701s] -- Detecting CXX compile features - done
[0.705s] -- Found ament_cmake: 0.9.12 (/opt/ros/foxy/share/ament_cmake/cmake)
[0.729s] -- Found PythonInterp: /usr/bin/python3 (found suitable version "3.8.10", minimum required is "3") 
[0.729s] -- Using PYTHON_EXECUTABLE: /usr/bin/python3
[0.954s] -- Found geometry_msgs: 2.0.5 (/opt/ros/foxy/share/geometry_msgs/cmake)
[0.996s] -- Using all available rosidl_typesupport_c: rosidl_typesupport_fastrtps_c;rosidl_typesupport_introspection_c
[1.004s] -- Found rosidl_adapter: 1.3.1 (/opt/ros/foxy/share/rosidl_adapter/cmake)
[1.116s] -- Found OpenSSL: /usr/lib/x86_64-linux-gnu/libcrypto.so (found version "1.1.1f")  
[1.151s] -- Found FastRTPS: /opt/ros/foxy/include  
[1.253s] -- Using all available rosidl_typesupport_cpp: rosidl_typesupport_fastrtps_cpp;rosidl_typesupport_introspection_cpp
[1.373s] -- Found rosidl_default_generators: 1.0.1 (/opt/ros/foxy/share/rosidl_default_generators/cmake)
[1.414s] -- Found PythonInterp: /usr/bin/python3 (found version "3.8.10") 
[1.657s] -- Found ament_cmake_ros: 0.9.2 (/opt/ros/foxy/share/ament_cmake_ros/cmake)
[1.965s] -- Using all available rosidl_typesupport_c: rosidl_typesupport_fastrtps_c;rosidl_typesupport_introspection_c
[2.120s] -- Using all available rosidl_typesupport_cpp: rosidl_typesupport_fastrtps_cpp;rosidl_typesupport_introspection_cpp
[2.149s] -- Found PythonInterp: /usr/bin/python3 (found suitable version "3.8.10", minimum required is "3.5") 
[2.153s] -- Found python_cmake_module: 0.8.1 (/opt/ros/foxy/share/python_cmake_module/cmake)
[2.181s] -- Found PythonLibs: /usr/lib/x86_64-linux-gnu/libpython3.8.so (found suitable version "3.8.10", minimum required is "3.5") 
[2.181s] -- Using PYTHON_EXECUTABLE: /usr/bin/python3
[2.181s] -- Using PYTHON_INCLUDE_DIRS: /usr/include/python3.8
[2.182s] -- Using PYTHON_LIBRARIES: /usr/lib/x86_64-linux-gnu/libpython3.8.so
[2.205s] -- Found PythonExtra: .so  
[2.321s] -- Found ament_lint_auto: 0.9.8 (/opt/ros/foxy/share/ament_lint_auto/cmake)
[2.352s] -- Added test 'lint_cmake' to check CMake code style
[2.353s] -- Added test 'xmllint' to check XML markup files
[2.359s] -- Configuring done
[2.425s] -- Generating done
[2.429s] -- Build files have been written to: /f1tenth_ws/build/f1tenth_msgs
[2.443s] Invoked command in '/f1tenth_ws/build/f1tenth_msgs' returned '0': CMAKE_PREFIX_PATH=${CMAKE_PREFIX_PATH}:/sim_ws/install/f1tenth_gym_ros:/opt/ros/foxy /usr/bin/cmake /f1tenth_ws/src/f1tenth_msgs -DCMAKE_INSTALL_PREFIX=/f1tenth_ws/install/f1tenth_msgs
[2.445s] Invoking command in '/f1tenth_ws/build/f1tenth_msgs': CMAKE_PREFIX_PATH=${CMAKE_PREFIX_PATH}:/sim_ws/install/f1tenth_gym_ros:/opt/ros/foxy /usr/bin/cmake --build /f1tenth_ws/build/f1tenth_msgs -- -j8 -l8
[2.503s] [35m[1mScanning dependencies of target f1tenth_msgs__cpp[0m
[2.504s] [  2%] [34m[1mGenerating C code for ROS interfaces[0m
[2.518s] [  5%] [34m[1mGenerating C++ code for ROS interfaces[0m
[2.951s] [35m[1mScanning dependencies of target f1tenth_msgs__rosidl_generator_c[0m
[2.970s] [ 10%] [32mBuilding C object CMakeFiles/f1tenth_msgs__rosidl_generator_c.dir/rosidl_generator_c/f1tenth_msgs/srv/detail/aeb__functions.c.o[0m
[2.970s] [ 10%] [32mBuilding C object CMakeFiles/f1tenth_msgs__rosidl_generator_c.dir/rosidl_generator_c/f1tenth_msgs/srv/detail/add_two_ints__functions.c.o[0m
[3.023s] [ 10%] Built target f1tenth_msgs__cpp
[3.047s] [ 17%] [34m[1mGenerating C++ introspection for ROS interfaces[0m
[3.048s] [ 17%] [34m[1mGenerating C++ type support dispatch for ROS interfaces[0m
[3.048s] [ 17%] [34m[1mGenerating C++ type support for eProsima Fast-RTPS[0m
[3.064s] [ 20%] [32m[1mLinking C shared library libf1tenth_msgs__rosidl_generator_c.so[0m
[3.126s] [ 20%] Built target f1tenth_msgs__rosidl_generator_c
[3.146s] [ 23%] [34m[1mGenerating C type support dispatch for ROS interfaces[0m
[3.148s] [ 25%] [34m[1mGenerating C introspection for ROS interfaces[0m
[3.510s] [35m[1mScanning dependencies of target f1tenth_msgs__rosidl_typesupport_c[0m
[3.533s] [ 28%] [32mBuilding CXX object CMakeFiles/f1tenth_msgs__rosidl_typesupport_c.dir/rosidl_typesupport_c/f1tenth_msgs/srv/aeb__type_support.cpp.o[0m
[3.535s] [ 30%] [32mBuilding CXX object CMakeFiles/f1tenth_msgs__rosidl_typesupport_c.dir/rosidl_typesupport_c/f1tenth_msgs/srv/add_two_ints__type_support.cpp.o[0m
[3.596s] [ 33%] [32m[1mLinking CXX shared library libf1tenth_msgs__rosidl_typesupport_c.so[0m
[3.671s] [35m[1mScanning dependencies of target f1tenth_msgs__rosidl_typesupport_cpp[0m
[3.672s] [35m[1mScanning dependencies of target f1tenth_msgs__rosidl_typesupport_fastrtps_cpp[0m
[3.687s] [ 33%] Built target f1tenth_msgs__rosidl_typesupport_c
[3.701s] [ 38%] [32mBuilding CXX object CMakeFiles/f1tenth_msgs__rosidl_typesupport_cpp.dir/rosidl_typesupport_cpp/f1tenth_msgs/srv/add_two_ints__type_support.cpp.o[0m
[3.701s] [ 38%] [32mBuilding CXX object CMakeFiles/f1tenth_msgs__rosidl_typesupport_cpp.dir/rosidl_typesupport_cpp/f1tenth_msgs/srv/aeb__type_support.cpp.o[0m
[3.712s] [ 43%] [32mBuilding CXX object CMakeFiles/f1tenth_msgs__rosidl_typesupport_fastrtps_cpp.dir/rosidl_typesupport_fastrtps_cpp/f1tenth_msgs/srv/detail/dds_fastrtps/add_two_ints__type_support.cpp.o[0m
[3.712s] [ 43%] [32mBuilding CXX object CMakeFiles/f1tenth_msgs__rosidl_typesupport_fastrtps_cpp.dir/rosidl_typesupport_fastrtps_cpp/f1tenth_msgs/srv/detail/dds_fastrtps/aeb__type_support.cpp.o[0m
[3.729s] [35m[1mScanning dependencies of target f1tenth_msgs__rosidl_typesupport_introspection_cpp[0m
[3.749s] [35m[1mScanning dependencies of target f1tenth_msgs__rosidl_typesupport_introspection_c[0m
[3.757s] [ 46%] [32mBuilding CXX object CMakeFiles/f1tenth_msgs__rosidl_typesupport_introspection_cpp.dir/rosidl_typesupport_introspection_cpp/f1tenth_msgs/srv/detail/add_two_ints__type_support.cpp.o[0m
[3.770s] [ 48%] [32mBuilding CXX object CMakeFiles/f1tenth_msgs__rosidl_typesupport_introspection_cpp.dir/rosidl_typesupport_introspection_cpp/f1tenth_msgs/srv/detail/aeb__type_support.cpp.o[0m
[3.785s] [ 53%] [32mBuilding C object CMakeFiles/f1tenth_msgs__rosidl_typesupport_introspection_c.dir/rosidl_typesupport_introspection_c/f1tenth_msgs/srv/detail/aeb__type_support.c.o[0m
[3.785s] [ 53%] [32mBuilding C object CMakeFiles/f1tenth_msgs__rosidl_typesupport_introspection_c.dir/rosidl_typesupport_introspection_c/f1tenth_msgs/srv/detail/add_two_ints__type_support.c.o[0m
[3.920s] [ 56%] [32m[1mLinking C shared library libf1tenth_msgs__rosidl_typesupport_introspection_c.so[0m
[4.025s] [ 56%] Built target f1tenth_msgs__rosidl_typesupport_introspection_c
[4.319s] [ 58%] [32m[1mLinking CXX shared library libf1tenth_msgs__rosidl_typesupport_cpp.so[0m
[4.388s] [ 61%] [32m[1mLinking CXX shared library libf1tenth_msgs__rosidl_typesupport_introspection_cpp.so[0m
[4.402s] [ 61%] Built target f1tenth_msgs__rosidl_typesupport_cpp
[4.493s] [ 61%] Built target f1tenth_msgs__rosidl_typesupport_introspection_cpp
[4.549s] [ 64%] [32m[1mLinking CXX shared library libf1tenth_msgs__rosidl_typesupport_fastrtps_cpp.so[0m
[4.675s] [ 64%] Built target f1tenth_msgs__rosidl_typesupport_fastrtps_cpp
[4.689s] [ 66%] [34m[1mGenerating C type support for eProsima Fast-RTPS[0m
[5.055s] [35m[1mScanning dependencies of target f1tenth_msgs__rosidl_typesupport_fastrtps_c[0m
[5.080s] [ 71%] [32mBuilding CXX object CMakeFiles/f1tenth_msgs__rosidl_typesupport_fastrtps_c.dir/rosidl_typesupport_fastrtps_c/f1tenth_msgs/srv/detail/add_two_ints__type_support_c.cpp.o[0m
[5.080s] [ 71%] [32mBuilding CXX object CMakeFiles/f1tenth_msgs__rosidl_typesupport_fastrtps_c.dir/rosidl_typesupport_fastrtps_c/f1tenth_msgs/srv/detail/aeb__type_support_c.cpp.o[0m
[5.549s] [ 74%] [32m[1mLinking CXX shared library libf1tenth_msgs__rosidl_typesupport_fastrtps_c.so[0m
[5.674s] [ 74%] Built target f1tenth_msgs__rosidl_typesupport_fastrtps_c
[5.687s] [35m[1mScanning dependencies of target f1tenth_msgs[0m
[5.704s] [ 74%] Built target f1tenth_msgs
[5.717s] [35m[1mScanning dependencies of target f1tenth_msgs__py[0m
[5.735s] [ 76%] [34m[1mGenerating Python code for ROS interfaces[0m
[6.447s] [ 76%] Built target f1tenth_msgs__py
[6.462s] [35m[1mScanning dependencies of target f1tenth_msgs__python[0m
[6.489s] [ 79%] [32mBuilding C object CMakeFiles/f1tenth_msgs__python.dir/rosidl_generator_py/f1tenth_msgs/srv/_aeb_s.c.o[0m
[6.489s] [ 82%] [32mBuilding C object CMakeFiles/f1tenth_msgs__python.dir/rosidl_generator_py/f1tenth_msgs/srv/_add_two_ints_s.c.o[0m
[6.615s] [ 84%] [32m[1mLinking C shared library rosidl_generator_py/f1tenth_msgs/libf1tenth_msgs__python.so[0m
[6.681s] [ 84%] Built target f1tenth_msgs__python
[6.697s] [35m[1mScanning dependencies of target f1tenth_msgs__rosidl_typesupport_introspection_c__pyext[0m
[6.698s] [35m[1mScanning dependencies of target f1tenth_msgs__rosidl_typesupport_c__pyext[0m
[6.698s] [35m[1mScanning dependencies of target f1tenth_msgs__rosidl_typesupport_fastrtps_c__pyext[0m
[6.719s] [ 89%] [32mBuilding C object CMakeFiles/f1tenth_msgs__rosidl_typesupport_introspection_c__pyext.dir/rosidl_generator_py/f1tenth_msgs/_f1tenth_msgs_s.ep.rosidl_typesupport_introspection_c.c.o[0m
[6.719s] [ 89%] [32mBuilding C object CMakeFiles/f1tenth_msgs__rosidl_typesupport_c__pyext.dir/rosidl_generator_py/f1tenth_msgs/_f1tenth_msgs_s.ep.rosidl_typesupport_c.c.o[0m
[6.725s] [ 92%] [32mBuilding C object CMakeFiles/f1tenth_msgs__rosidl_typesupport_fastrtps_c__pyext.dir/rosidl_generator_py/f1tenth_msgs/_f1tenth_msgs_s.ep.rosidl_typesupport_fastrtps_c.c.o[0m
[6.838s] [ 94%] [32m[1mLinking C shared library rosidl_generator_py/f1tenth_msgs/f1tenth_msgs_s__rosidl_typesupport_introspection_c.cpython-38-x86_64-linux-gnu.so[0m
[6.842s] [ 97%] [32m[1mLinking C shared library rosidl_generator_py/f1tenth_msgs/f1tenth_msgs_s__rosidl_typesupport_c.cpython-38-x86_64-linux-gnu.so[0m
[6.847s] [100%] [32m[1mLinking CXX shared library rosidl_generator_py/f1tenth_msgs/f1tenth_msgs_s__rosidl_typesupport_fastrtps_c.cpython-38-x86_64-linux-gnu.so[0m
[6.903s] [100%] Built target f1tenth_msgs__rosidl_typesupport_introspection_c__pyext
[6.906s] [100%] Built target f1tenth_msgs__rosidl_typesupport_c__pyext
[6.950s] [100%] Built target f1tenth_msgs__rosidl_typesupport_fastrtps_c__pyext
[6.970s] Invoked command in '/f1tenth_ws/build/f1tenth_msgs' returned '0': CMAKE_PREFIX_PATH=${CMAKE_PREFIX_PATH}:/sim_ws/install/f1tenth_gym_ros:/opt/ros/foxy /usr/bin/cmake --build /f1tenth_ws/build/f1tenth_msgs -- -j8 -l8
[7.137s] Invoking command in '/f1tenth_ws/build/f1tenth_msgs': CMAKE_PREFIX_PATH=${CMAKE_PREFIX_PATH}:/sim_ws/install/f1tenth_gym_ros:/opt/ros/foxy /usr/bin/cmake --install /f1tenth_ws/build/f1tenth_msgs
[7.151s] -- Install configuration: ""
[7.151s] -- Installing: /f1tenth_ws/install/f1tenth_msgs/share/ament_index/resource_index/rosidl_interfaces/f1tenth_msgs
[7.151s] -- Installing: /f1tenth_ws/install/f1tenth_msgs/include/f1tenth_msgs
[7.151s] -- Installing: /f1tenth_ws/install/f1tenth_msgs/include/f1tenth_msgs/srv
[7.151s] -- Installing: /f1tenth_ws/install/f1tenth_msgs/include/f1tenth_msgs/srv/add_two_ints.h
[7.151s] -- Installing: /f1tenth_ws/install/f1tenth_msgs/include/f1tenth_msgs/srv/detail
[7.151s] -- Installing: /f1tenth_ws/install/f1tenth_msgs/include/f1tenth_msgs/srv/detail/aeb__functions.h
[7.152s] -- Installing: /f1tenth_ws/install/f1tenth_msgs/include/f1tenth_msgs/srv/detail/add_two_ints__functions.h
[7.152s] -- Installing: /f1tenth_ws/install/f1tenth_msgs/include/f1tenth_msgs/srv/detail/add_two_ints__type_support.h
[7.152s] -- Installing: /f1tenth_ws/install/f1tenth_msgs/include/f1tenth_msgs/srv/detail/add_two_ints__functions.c
[7.152s] -- Installing: /f1tenth_ws/install/f1tenth_msgs/include/f1tenth_msgs/srv/detail/aeb__struct.h
[7.152s] -- Installing: /f1tenth_ws/install/f1tenth_msgs/include/f1tenth_msgs/srv/detail/aeb__type_support.h
[7.152s] -- Installing: /f1tenth_ws/install/f1tenth_msgs/include/f1tenth_msgs/srv/detail/aeb__functions.c
[7.152s] -- Installing: /f1tenth_ws/install/f1tenth_msgs/include/f1tenth_msgs/srv/detail/add_two_ints__struct.h
[7.152s] -- Installing: /f1tenth_ws/install/f1tenth_msgs/include/f1tenth_msgs/srv/aeb.h
[7.152s] -- Installing: /f1tenth_ws/install/f1tenth_msgs/include/f1tenth_msgs/msg
[7.152s] -- Installing: /f1tenth_ws/install/f1tenth_msgs/include/f1tenth_msgs/msg/rosidl_generator_c__visibility_control.h
[7.153s] -- Installing: /f1tenth_ws/install/f1tenth_msgs/share/f1tenth_msgs/environment/library_path.sh
[7.153s] -- Installing: /f1tenth_ws/install/f1tenth_msgs/share/f1tenth_msgs/environment/library_path.dsv
[7.153s] -- Installing: /f1tenth_ws/install/f1tenth_msgs/lib/libf1tenth_msgs__rosidl_generator_c.so
[7.154s] -- Set runtime path of "/f1tenth_ws/install/f1tenth_msgs/lib/libf1tenth_msgs__rosidl_generator_c.so" to ""
[7.154s] -- Up-to-date: /f1tenth_ws/install/f1tenth_msgs/include/f1tenth_msgs
[7.154s] -- Up-to-date: /f1tenth_ws/install/f1tenth_msgs/include/f1tenth_msgs/srv
[7.154s] -- Up-to-date: /f1tenth_ws/install/f1tenth_msgs/include/f1tenth_msgs/srv/detail
[7.154s] -- Installing: /f1tenth_ws/install/f1tenth_msgs/include/f1tenth_msgs/srv/detail/aeb__rosidl_typesupport_fastrtps_c.h
[7.154s] -- Installing: /f1tenth_ws/install/f1tenth_msgs/include/f1tenth_msgs/srv/detail/add_two_ints__rosidl_typesupport_fastrtps_c.h
[7.154s] -- Up-to-date: /f1tenth_ws/install/f1tenth_msgs/include/f1tenth_msgs/msg
[7.154s] -- Installing: /f1tenth_ws/install/f1tenth_msgs/include/f1tenth_msgs/msg/rosidl_typesupport_fastrtps_c__visibility_control.h
[7.154s] -- Installing: /f1tenth_ws/install/f1tenth_msgs/lib/libf1tenth_msgs__rosidl_typesupport_fastrtps_c.so
[7.155s] -- Set runtime path of "/f1tenth_ws/install/f1tenth_msgs/lib/libf1tenth_msgs__rosidl_typesupport_fastrtps_c.so" to ""
[7.155s] -- Up-to-date: /f1tenth_ws/install/f1tenth_msgs/include/f1tenth_msgs
[7.156s] -- Up-to-date: /f1tenth_ws/install/f1tenth_msgs/include/f1tenth_msgs/srv
[7.156s] -- Up-to-date: /f1tenth_ws/install/f1tenth_msgs/include/f1tenth_msgs/srv/detail
[7.156s] -- Installing: /f1tenth_ws/install/f1tenth_msgs/include/f1tenth_msgs/srv/detail/aeb__rosidl_typesupport_fastrtps_cpp.hpp
[7.156s] -- Installing: /f1tenth_ws/install/f1tenth_msgs/include/f1tenth_msgs/srv/detail/add_two_ints__rosidl_typesupport_fastrtps_cpp.hpp
[7.156s] -- Installing: /f1tenth_ws/install/f1tenth_msgs/include/f1tenth_msgs/srv/detail/dds_fastrtps
[7.156s] -- Up-to-date: /f1tenth_ws/install/f1tenth_msgs/include/f1tenth_msgs/msg
[7.156s] -- Installing: /f1tenth_ws/install/f1tenth_msgs/include/f1tenth_msgs/msg/rosidl_typesupport_fastrtps_cpp__visibility_control.h
[7.157s] -- Installing: /f1tenth_ws/install/f1tenth_msgs/lib/libf1tenth_msgs__rosidl_typesupport_fastrtps_cpp.so
[7.157s] -- Set runtime path of "/f1tenth_ws/install/f1tenth_msgs/lib/libf1tenth_msgs__rosidl_typesupport_fastrtps_cpp.so" to ""
[7.157s] -- Up-to-date: /f1tenth_ws/install/f1tenth_msgs/include/f1tenth_msgs
[7.157s] -- Up-to-date: /f1tenth_ws/install/f1tenth_msgs/include/f1tenth_msgs/srv
[7.157s] -- Up-to-date: /f1tenth_ws/install/f1tenth_msgs/include/f1tenth_msgs/srv/detail
[7.157s] -- Installing: /f1tenth_ws/install/f1tenth_msgs/include/f1tenth_msgs/srv/detail/add_two_ints__type_support.c
[7.158s] -- Installing: /f1tenth_ws/install/f1tenth_msgs/include/f1tenth_msgs/srv/detail/aeb__rosidl_typesupport_introspection_c.h
[7.158s] -- Installing: /f1tenth_ws/install/f1tenth_msgs/include/f1tenth_msgs/srv/detail/aeb__type_support.c
[7.158s] -- Installing: /f1tenth_ws/install/f1tenth_msgs/include/f1tenth_msgs/srv/detail/add_two_ints__rosidl_typesupport_introspection_c.h
[7.158s] -- Up-to-date: /f1tenth_ws/install/f1tenth_msgs/include/f1tenth_msgs/msg
[7.158s] -- Installing: /f1tenth_ws/install/f1tenth_msgs/include/f1tenth_msgs/msg/rosidl_typesupport_introspection_c__visibility_control.h
[7.158s] -- Installing: /f1tenth_ws/install/f1tenth_msgs/lib/libf1tenth_msgs__rosidl_typesupport_introspection_c.so
[7.158s] -- Set runtime path of "/f1tenth_ws/install/f1tenth_msgs/lib/libf1tenth_msgs__rosidl_typesupport_introspection_c.so" to ""
[7.159s] -- Installing: /f1tenth_ws/install/f1tenth_msgs/lib/libf1tenth_msgs__rosidl_typesupport_c.so
[7.159s] -- Set runtime path of "/f1tenth_ws/install/f1tenth_msgs/lib/libf1tenth_msgs__rosidl_typesupport_c.so" to ""
[7.159s] -- Up-to-date: /f1tenth_ws/install/f1tenth_msgs/include/f1tenth_msgs
[7.159s] -- Up-to-date: /f1tenth_ws/install/f1tenth_msgs/include/f1tenth_msgs/srv
[7.159s] -- Installing: /f1tenth_ws/install/f1tenth_msgs/include/f1tenth_msgs/srv/add_two_ints.hpp
[7.159s] -- Installing: /f1tenth_ws/install/f1tenth_msgs/include/f1tenth_msgs/srv/aeb.hpp
[7.159s] -- Up-to-date: /f1tenth_ws/install/f1tenth_msgs/include/f1tenth_msgs/srv/detail
[7.159s] -- Installing: /f1tenth_ws/install/f1tenth_msgs/include/f1tenth_msgs/srv/detail/add_two_ints__builder.hpp
[7.160s] -- Installing: /f1tenth_ws/install/f1tenth_msgs/include/f1tenth_msgs/srv/detail/add_two_ints__type_support.hpp
[7.160s] -- Installing: /f1tenth_ws/install/f1tenth_msgs/include/f1tenth_msgs/srv/detail/aeb__traits.hpp
[7.160s] -- Installing: /f1tenth_ws/install/f1tenth_msgs/include/f1tenth_msgs/srv/detail/aeb__type_support.hpp
[7.160s] -- Installing: /f1tenth_ws/install/f1tenth_msgs/include/f1tenth_msgs/srv/detail/aeb__builder.hpp
[7.160s] -- Installing: /f1tenth_ws/install/f1tenth_msgs/include/f1tenth_msgs/srv/detail/add_two_ints__struct.hpp
[7.160s] -- Installing: /f1tenth_ws/install/f1tenth_msgs/include/f1tenth_msgs/srv/detail/add_two_ints__traits.hpp
[7.160s] -- Installing: /f1tenth_ws/install/f1tenth_msgs/include/f1tenth_msgs/srv/detail/aeb__struct.hpp
[7.160s] -- Up-to-date: /f1tenth_ws/install/f1tenth_msgs/include/f1tenth_msgs/msg
[7.160s] -- Installing: /f1tenth_ws/install/f1tenth_msgs/include/f1tenth_msgs/msg/rosidl_generator_cpp__visibility_control.hpp
[7.160s] -- Up-to-date: /f1tenth_ws/install/f1tenth_msgs/include/f1tenth_msgs
[7.161s] -- Up-to-date: /f1tenth_ws/install/f1tenth_msgs/include/f1tenth_msgs/srv
[7.161s] -- Up-to-date: /f1tenth_ws/install/f1tenth_msgs/include/f1tenth_msgs/srv/detail
[7.161s] -- Installing: /f1tenth_ws/install/f1tenth_msgs/include/f1tenth_msgs/srv/detail/aeb__rosidl_typesupport_introspection_cpp.hpp
[7.161s] -- Installing: /f1tenth_ws/install/f1tenth_msgs/include/f1tenth_msgs/srv/detail/aeb__type_support.cpp
[7.161s] -- Installing: /f1tenth_ws/install/f1tenth_msgs/include/f1tenth_msgs/srv/detail/add_two_ints__rosidl_typesupport_introspection_cpp.hpp
[7.161s] -- Installing: /f1tenth_ws/install/f1tenth_msgs/include/f1tenth_msgs/srv/detail/add_two_ints__type_support.cpp
[7.161s] -- Installing: /f1tenth_ws/install/f1tenth_msgs/lib/libf1tenth_msgs__rosidl_typesupport_introspection_cpp.so
[7.162s] -- Set runtime path of "/f1tenth_ws/install/f1tenth_msgs/lib/libf1tenth_msgs__rosidl_typesupport_introspection_cpp.so" to ""
[7.162s] -- Installing: /f1tenth_ws/install/f1tenth_msgs/lib/libf1tenth_msgs__rosidl_typesupport_cpp.so
[7.162s] -- Set runtime path of "/f1tenth_ws/install/f1tenth_msgs/lib/libf1tenth_msgs__rosidl_typesupport_cpp.so" to ""
[7.162s] -- Installing: /f1tenth_ws/install/f1tenth_msgs/share/f1tenth_msgs/environment/pythonpath.sh
[7.162s] -- Installing: /f1tenth_ws/install/f1tenth_msgs/share/f1tenth_msgs/environment/pythonpath.dsv
[7.162s] -- Installing: /f1tenth_ws/install/f1tenth_msgs/lib/python3.8/site-packages/f1tenth_msgs/__init__.py
[7.198s] Compiling '/f1tenth_ws/install/f1tenth_msgs/lib/python3.8/site-packages/f1tenth_msgs/__init__.py'...
[7.207s] -- Installing: /f1tenth_ws/install/f1tenth_msgs/lib/python3.8/site-packages/f1tenth_msgs/srv
[7.207s] -- Installing: /f1tenth_ws/install/f1tenth_msgs/lib/python3.8/site-packages/f1tenth_msgs/srv/__init__.py
[7.207s] -- Installing: /f1tenth_ws/install/f1tenth_msgs/lib/python3.8/site-packages/f1tenth_msgs/srv/_aeb_s.c
[7.207s] -- Installing: /f1tenth_ws/install/f1tenth_msgs/lib/python3.8/site-packages/f1tenth_msgs/srv/_aeb.py
[7.207s] -- Installing: /f1tenth_ws/install/f1tenth_msgs/lib/python3.8/site-packages/f1tenth_msgs/srv/_add_two_ints_s.c
[7.207s] -- Installing: /f1tenth_ws/install/f1tenth_msgs/lib/python3.8/site-packages/f1tenth_msgs/srv/_add_two_ints.py
[7.208s] -- Installing: /f1tenth_ws/install/f1tenth_msgs/lib/python3.8/site-packages/f1tenth_msgs/f1tenth_msgs_s__rosidl_typesupport_fastrtps_c.cpython-38-x86_64-linux-gnu.so
[7.208s] -- Set runtime path of "/f1tenth_ws/install/f1tenth_msgs/lib/python3.8/site-packages/f1tenth_msgs/f1tenth_msgs_s__rosidl_typesupport_fastrtps_c.cpython-38-x86_64-linux-gnu.so" to ""
[7.208s] -- Installing: /f1tenth_ws/install/f1tenth_msgs/lib/python3.8/site-packages/f1tenth_msgs/f1tenth_msgs_s__rosidl_typesupport_introspection_c.cpython-38-x86_64-linux-gnu.so
[7.209s] -- Set runtime path of "/f1tenth_ws/install/f1tenth_msgs/lib/python3.8/site-packages/f1tenth_msgs/f1tenth_msgs_s__rosidl_typesupport_introspection_c.cpython-38-x86_64-linux-gnu.so" to ""
[7.209s] -- Installing: /f1tenth_ws/install/f1tenth_msgs/lib/python3.8/site-packages/f1tenth_msgs/f1tenth_msgs_s__rosidl_typesupport_c.cpython-38-x86_64-linux-gnu.so
[7.210s] -- Set runtime path of "/f1tenth_ws/install/f1tenth_msgs/lib/python3.8/site-packages/f1tenth_msgs/f1tenth_msgs_s__rosidl_typesupport_c.cpython-38-x86_64-linux-gnu.so" to ""
[7.210s] -- Installing: /f1tenth_ws/install/f1tenth_msgs/lib/libf1tenth_msgs__python.so
[7.210s] -- Set runtime path of "/f1tenth_ws/install/f1tenth_msgs/lib/libf1tenth_msgs__python.so" to ""
[7.210s] -- Installing: /f1tenth_ws/install/f1tenth_msgs/share/f1tenth_msgs/srv/AddTwoInts.idl
[7.211s] -- Installing: /f1tenth_ws/install/f1tenth_msgs/share/f1tenth_msgs/srv/Aeb.idl
[7.211s] -- Installing: /f1tenth_ws/install/f1tenth_msgs/share/f1tenth_msgs/srv/AddTwoInts.srv
[7.211s] -- Installing: /f1tenth_ws/install/f1tenth_msgs/share/f1tenth_msgs/srv/AddTwoInts_Request.msg
[7.211s] -- Installing: /f1tenth_ws/install/f1tenth_msgs/share/f1tenth_msgs/srv/AddTwoInts_Response.msg
[7.211s] -- Installing: /f1tenth_ws/install/f1tenth_msgs/share/f1tenth_msgs/srv/Aeb.srv
[7.211s] -- Installing: /f1tenth_ws/install/f1tenth_msgs/share/f1tenth_msgs/srv/Aeb_Request.msg
[7.211s] -- Installing: /f1tenth_ws/install/f1tenth_msgs/share/f1tenth_msgs/srv/Aeb_Response.msg
[7.211s] -- Installing: /f1tenth_ws/install/f1tenth_msgs/share/ament_index/resource_index/package_run_dependencies/f1tenth_msgs
[7.212s] -- Installing: /f1tenth_ws/install/f1tenth_msgs/share/ament_index/resource_index/parent_prefix_path/f1tenth_msgs
[7.212s] -- Installing: /f1tenth_ws/install/f1tenth_msgs/share/f1tenth_msgs/environment/ament_prefix_path.sh
[7.212s] -- Installing: /f1tenth_ws/install/f1tenth_msgs/share/f1tenth_msgs/environment/ament_prefix_path.dsv
[7.212s] -- Installing: /f1tenth_ws/install/f1tenth_msgs/share/f1tenth_msgs/environment/path.sh
[7.212s] -- Installing: /f1tenth_ws/install/f1tenth_msgs/share/f1tenth_msgs/environment/path.dsv
[7.212s] -- Installing: /f1tenth_ws/install/f1tenth_msgs/share/f1tenth_msgs/local_setup.bash
[7.212s] -- Installing: /f1tenth_ws/install/f1tenth_msgs/share/f1tenth_msgs/local_setup.sh
[7.213s] -- Installing: /f1tenth_ws/install/f1tenth_msgs/share/f1tenth_msgs/local_setup.zsh
[7.213s] -- Installing: /f1tenth_ws/install/f1tenth_msgs/share/f1tenth_msgs/local_setup.dsv
[7.213s] -- Installing: /f1tenth_ws/install/f1tenth_msgs/share/f1tenth_msgs/package.dsv
[7.213s] -- Installing: /f1tenth_ws/install/f1tenth_msgs/share/ament_index/resource_index/packages/f1tenth_msgs
[7.213s] -- Installing: /f1tenth_ws/install/f1tenth_msgs/share/f1tenth_msgs/cmake/f1tenth_msgs__rosidl_generator_cExport.cmake
[7.213s] -- Installing: /f1tenth_ws/install/f1tenth_msgs/share/f1tenth_msgs/cmake/f1tenth_msgs__rosidl_generator_cExport-noconfig.cmake
[7.214s] -- Installing: /f1tenth_ws/install/f1tenth_msgs/share/f1tenth_msgs/cmake/f1tenth_msgs__rosidl_typesupport_introspection_cExport.cmake
[7.214s] -- Installing: /f1tenth_ws/install/f1tenth_msgs/share/f1tenth_msgs/cmake/f1tenth_msgs__rosidl_typesupport_introspection_cExport-noconfig.cmake
[7.214s] -- Installing: /f1tenth_ws/install/f1tenth_msgs/share/f1tenth_msgs/cmake/f1tenth_msgs__rosidl_typesupport_cExport.cmake
[7.214s] -- Installing: /f1tenth_ws/install/f1tenth_msgs/share/f1tenth_msgs/cmake/f1tenth_msgs__rosidl_typesupport_cExport-noconfig.cmake
[7.214s] -- Installing: /f1tenth_ws/install/f1tenth_msgs/share/f1tenth_msgs/cmake/f1tenth_msgs__rosidl_generator_cppExport.cmake
[7.215s] -- Installing: /f1tenth_ws/install/f1tenth_msgs/share/f1tenth_msgs/cmake/f1tenth_msgs__rosidl_typesupport_introspection_cppExport.cmake
[7.215s] -- Installing: /f1tenth_ws/install/f1tenth_msgs/share/f1tenth_msgs/cmake/f1tenth_msgs__rosidl_typesupport_introspection_cppExport-noconfig.cmake
[7.215s] -- Installing: /f1tenth_ws/install/f1tenth_msgs/share/f1tenth_msgs/cmake/f1tenth_msgs__rosidl_typesupport_cppExport.cmake
[7.215s] -- Installing: /f1tenth_ws/install/f1tenth_msgs/share/f1tenth_msgs/cmake/f1tenth_msgs__rosidl_typesupport_cppExport-noconfig.cmake
[7.215s] -- Installing: /f1tenth_ws/install/f1tenth_msgs/share/f1tenth_msgs/cmake/rosidl_cmake-extras.cmake
[7.215s] -- Installing: /f1tenth_ws/install/f1tenth_msgs/share/f1tenth_msgs/cmake/ament_cmake_export_dependencies-extras.cmake
[7.215s] -- Installing: /f1tenth_ws/install/f1tenth_msgs/share/f1tenth_msgs/cmake/ament_cmake_export_libraries-extras.cmake
[7.216s] -- Installing: /f1tenth_ws/install/f1tenth_msgs/share/f1tenth_msgs/cmake/ament_cmake_export_targets-extras.cmake
[7.216s] -- Installing: /f1tenth_ws/install/f1tenth_msgs/share/f1tenth_msgs/cmake/ament_cmake_export_include_directories-extras.cmake
[7.216s] -- Installing: /f1tenth_ws/install/f1tenth_msgs/share/f1tenth_msgs/cmake/rosidl_cmake_export_typesupport_libraries-extras.cmake
[7.216s] -- Installing: /f1tenth_ws/install/f1tenth_msgs/share/f1tenth_msgs/cmake/rosidl_cmake_export_typesupport_targets-extras.cmake
[7.216s] -- Installing: /f1tenth_ws/install/f1tenth_msgs/share/f1tenth_msgs/cmake/f1tenth_msgsConfig.cmake
[7.216s] -- Installing: /f1tenth_ws/install/f1tenth_msgs/share/f1tenth_msgs/cmake/f1tenth_msgsConfig-version.cmake
[7.216s] -- Installing: /f1tenth_ws/install/f1tenth_msgs/share/f1tenth_msgs/package.xml
[7.222s] Invoked command in '/f1tenth_ws/build/f1tenth_msgs' returned '0': CMAKE_PREFIX_PATH=${CMAKE_PREFIX_PATH}:/sim_ws/install/f1tenth_gym_ros:/opt/ros/foxy /usr/bin/cmake --install /f1tenth_ws/build/f1tenth_msgs
