[0.033s] Invoking command in '/f1tenth_ws/build/f1tenth_msgs': CMAKE_PREFIX_PATH=${CMAKE_PREFIX_PATH}:/sim_ws/install/f1tenth_gym_ros:/opt/ros/foxy /usr/bin/cmake --build /f1tenth_ws/build/f1tenth_msgs -- -j8 -l8
[0.080s] -- Found ament_cmake: 0.9.12 (/opt/ros/foxy/share/ament_cmake/cmake)
[0.104s] -- Found PythonInterp: /usr/bin/python3 (found suitable version "3.8.10", minimum required is "3") 
[0.104s] -- Using PYTHON_EXECUTABLE: /usr/bin/python3
[0.301s] -- Found geometry_msgs: 2.0.5 (/opt/ros/foxy/share/geometry_msgs/cmake)
[0.332s] -- Using all available rosidl_typesupport_c: rosidl_typesupport_fastrtps_c;rosidl_typesupport_introspection_c
[0.336s] -- Found rosidl_adapter: 1.3.1 (/opt/ros/foxy/share/rosidl_adapter/cmake)
[0.475s] -- Using all available rosidl_typesupport_cpp: rosidl_typesupport_fastrtps_cpp;rosidl_typesupport_introspection_cpp
[0.577s] -- Found rosidl_default_generators: 1.0.1 (/opt/ros/foxy/share/rosidl_default_generators/cmake)
[0.612s] -- Found PythonInterp: /usr/bin/python3 (found version "3.8.10") 
[0.685s] CMake Error at /opt/ros/foxy/share/rosidl_adapter/cmake/rosidl_adapt_interfaces.cmake:60 (message):
[0.686s]   execute_process(/usr/bin/python3 -m rosidl_adapter --package-name
[0.686s]   f1tenth_msgs --arguments-file
[0.686s]   /f1tenth_ws/build/f1tenth_msgs/rosidl_adapter__arguments__f1tenth_msgs.json
[0.686s]   --output-dir /f1tenth_ws/build/f1tenth_msgs/rosidl_adapter/f1tenth_msgs
[0.686s]   --output-file
[0.686s]   /f1tenth_ws/build/f1tenth_msgs/rosidl_adapter/f1tenth_msgs.idls) returned
[0.686s]   error code 1:
[0.686s] 
[0.686s]   Error processing 'str result' of 'f1tenth_msgs/Aeb_Response': ''str' is an
[0.686s]   invalid message name.  It should have the pattern '^[A-Z][A-Za-z0-9]*$''
[0.686s] 
[0.686s]   Traceback (most recent call last):
[0.686s] 
[0.686s]     File "/usr/lib/python3.8/runpy.py", line 194, in _run_module_as_main
[0.687s]       return _run_code(code, main_globals, None,
[0.687s]     File "/usr/lib/python3.8/runpy.py", line 87, in _run_code
[0.687s]       exec(code, run_globals)
[0.687s]     File "/opt/ros/foxy/lib/python3.8/site-packages/rosidl_adapter/__main__.py", line 19, in <module>
[0.687s]       sys.exit(main())
[0.687s]     File "/opt/ros/foxy/lib/python3.8/site-packages/rosidl_adapter/main.py", line 53, in main
[0.687s]       abs_idl_file = convert_to_idl(
[0.687s]     File "/opt/ros/foxy/lib/python3.8/site-packages/rosidl_adapter/__init__.py", line 24, in convert_to_idl
[0.687s]       return convert_srv_to_idl(
[0.687s]     File "/opt/ros/foxy/lib/python3.8/site-packages/rosidl_adapter/srv/__init__.py", line 28, in convert_srv_to_idl
[0.687s]       srv = parse_service_string(package_name, input_file.stem, content)
[0.687s]     File "/opt/ros/foxy/lib/python3.8/site-packages/rosidl_adapter/parser.py", line 856, in parse_service_string
[0.687s]       response_message = parse_message_string(
[0.687s]     File "/opt/ros/foxy/lib/python3.8/site-packages/rosidl_adapter/parser.py", line 516, in parse_message_string
[0.687s]       Type(type_string, context_package_name=pkg_name),
[0.688s]     File "/opt/ros/foxy/lib/python3.8/site-packages/rosidl_adapter/parser.py", line 276, in __init__
[0.688s]       super(Type, self).__init__(
[0.688s]     File "/opt/ros/foxy/lib/python3.8/site-packages/rosidl_adapter/parser.py", line 204, in __init__
[0.688s]       raise InvalidResourceName(
[0.688s] 
[0.688s]   rosidl_adapter.parser.InvalidResourceName: 'str' is an invalid message
[0.688s]   name.  It should have the pattern '^[A-Z][A-Za-z0-9]*$'
[0.688s] 
[0.688s] Call Stack (most recent call first):
[0.688s]   /opt/ros/foxy/share/rosidl_cmake/cmake/rosidl_generate_interfaces.cmake:130 (rosidl_adapt_interfaces)
[0.688s]   CMakeLists.txt:13 (rosidl_generate_interfaces)
[0.688s] 
[0.688s] 
[0.688s] -- Configuring incomplete, errors occurred!
[0.688s] See also "/f1tenth_ws/build/f1tenth_msgs/CMakeFiles/CMakeOutput.log".
[0.691s] make: *** [Makefile:988: cmake_check_build_system] Error 1
[0.693s] Invoked command in '/f1tenth_ws/build/f1tenth_msgs' returned '2': CMAKE_PREFIX_PATH=${CMAKE_PREFIX_PATH}:/sim_ws/install/f1tenth_gym_ros:/opt/ros/foxy /usr/bin/cmake --build /f1tenth_ws/build/f1tenth_msgs -- -j8 -l8
