[0.030s] Invoking command in '/f1tenth_ws/build/ros2_basic': CMAKE_PREFIX_PATH=${CMAKE_PREFIX_PATH}:/sim_ws/install/f1tenth_gym_ros:/opt/ros/foxy /usr/bin/cmake --build /f1tenth_ws/build/ros2_basic -- -j8 -l8
[0.070s] -- Found ament_cmake: 0.9.12 (/opt/ros/foxy/share/ament_cmake/cmake)
[0.095s] -- Using PYTHON_EXECUTABLE: /usr/bin/python3
[0.320s] -- Found rclcpp: 2.4.3 (/opt/ros/foxy/share/rclcpp/cmake)
[0.374s] -- Using all available rosidl_typesupport_c: rosidl_typesupport_fastrtps_c;rosidl_typesupport_introspection_c
[0.382s] -- Found rosidl_adapter: 1.3.1 (/opt/ros/foxy/share/rosidl_adapter/cmake)
[0.542s] -- Using all available rosidl_typesupport_cpp: rosidl_typesupport_fastrtps_cpp;rosidl_typesupport_introspection_cpp
[0.632s] -- Found rmw_implementation_cmake: 1.0.4 (/opt/ros/foxy/share/rmw_implementation_cmake/cmake)
[0.636s] -- Using RMW implementation 'rmw_fastrtps_cpp' as default
[0.835s] -- Found rclpy: 1.0.13 (/opt/ros/foxy/share/rclpy/cmake)
[0.835s] -- Found ament_lint_auto: 0.9.8 (/opt/ros/foxy/share/ament_lint_auto/cmake)
[0.924s] -- Added test 'flake8' to check Python code syntax and style conventions
[0.925s] -- Added test 'lint_cmake' to check CMake code style
[0.926s] -- Added test 'pep257' to check Python code against some of the style conventions in PEP 257
[0.928s] -- Added test 'xmllint' to check XML markup files
[0.931s] -- Configuring done
[0.936s] -- Generating done
[0.937s] -- Build files have been written to: /f1tenth_ws/build/ros2_basic
[0.968s] Invoked command in '/f1tenth_ws/build/ros2_basic' returned '0': CMAKE_PREFIX_PATH=${CMAKE_PREFIX_PATH}:/sim_ws/install/f1tenth_gym_ros:/opt/ros/foxy /usr/bin/cmake --build /f1tenth_ws/build/ros2_basic -- -j8 -l8
[1.000s] Invoking command in '/f1tenth_ws/build/ros2_basic': CMAKE_PREFIX_PATH=${CMAKE_PREFIX_PATH}:/sim_ws/install/f1tenth_gym_ros:/opt/ros/foxy /usr/bin/cmake --install /f1tenth_ws/build/ros2_basic
[1.011s] -- Install configuration: ""
[1.011s] -- Up-to-date: /f1tenth_ws/install/ros2_basic/lib/ros2_basic/simple_node.py
[1.011s] -- Up-to-date: /f1tenth_ws/install/ros2_basic/lib/ros2_basic/publisher_node.py
[1.011s] -- Up-to-date: /f1tenth_ws/install/ros2_basic/lib/ros2_basic/subscriber_node.py
[1.011s] -- Up-to-date: /f1tenth_ws/install/ros2_basic/lib/ros2_basic/drive.py
[1.012s] -- Up-to-date: /f1tenth_ws/install/ros2_basic/lib/ros2_basic/odom.py
[1.012s] -- Up-to-date: /f1tenth_ws/install/ros2_basic/lib/ros2_basic/control_meter.py
[1.012s] -- Up-to-date: /f1tenth_ws/install/ros2_basic/lib/ros2_basic/scan_node.py
[1.012s] -- Up-to-date: /f1tenth_ws/install/ros2_basic/lib/ros2_basic/detectObstacle.py
[1.012s] -- Up-to-date: /f1tenth_ws/install/ros2_basic/lib/ros2_basic/detectObstacle1.py
[1.012s] -- Up-to-date: /f1tenth_ws/install/ros2_basic/lib/ros2_basic/simple_server.py
[1.012s] -- Up-to-date: /f1tenth_ws/install/ros2_basic/lib/ros2_basic/simple_clients.py
[1.012s] -- Up-to-date: /f1tenth_ws/install/ros2_basic/lib/ros2_basic/1_clients_detectObstacle.py
[1.013s] -- Up-to-date: /f1tenth_ws/install/ros2_basic/lib/ros2_basic/1_server_detectObstacle.py
[1.013s] -- Installing: /f1tenth_ws/install/ros2_basic/lib/ros2_basic/PID.py
[1.013s] -- Up-to-date: /f1tenth_ws/install/ros2_basic/share/ament_index/resource_index/package_run_dependencies/ros2_basic
[1.013s] -- Installing: /f1tenth_ws/install/ros2_basic/share/ament_index/resource_index/parent_prefix_path/ros2_basic
[1.013s] -- Up-to-date: /f1tenth_ws/install/ros2_basic/share/ros2_basic/environment/ament_prefix_path.sh
[1.013s] -- Installing: /f1tenth_ws/install/ros2_basic/share/ros2_basic/environment/ament_prefix_path.dsv
[1.014s] -- Up-to-date: /f1tenth_ws/install/ros2_basic/share/ros2_basic/environment/path.sh
[1.014s] -- Installing: /f1tenth_ws/install/ros2_basic/share/ros2_basic/environment/path.dsv
[1.014s] -- Up-to-date: /f1tenth_ws/install/ros2_basic/share/ros2_basic/local_setup.bash
[1.014s] -- Up-to-date: /f1tenth_ws/install/ros2_basic/share/ros2_basic/local_setup.sh
[1.014s] -- Up-to-date: /f1tenth_ws/install/ros2_basic/share/ros2_basic/local_setup.zsh
[1.014s] -- Installing: /f1tenth_ws/install/ros2_basic/share/ros2_basic/local_setup.dsv
[1.014s] -- Installing: /f1tenth_ws/install/ros2_basic/share/ros2_basic/package.dsv
[1.014s] -- Up-to-date: /f1tenth_ws/install/ros2_basic/share/ament_index/resource_index/packages/ros2_basic
[1.014s] -- Up-to-date: /f1tenth_ws/install/ros2_basic/share/ros2_basic/cmake/ros2_basicConfig.cmake
[1.014s] -- Up-to-date: /f1tenth_ws/install/ros2_basic/share/ros2_basic/cmake/ros2_basicConfig-version.cmake
[1.014s] -- Up-to-date: /f1tenth_ws/install/ros2_basic/share/ros2_basic/package.xml
[1.021s] Invoked command in '/f1tenth_ws/build/ros2_basic' returned '0': CMAKE_PREFIX_PATH=${CMAKE_PREFIX_PATH}:/sim_ws/install/f1tenth_gym_ros:/opt/ros/foxy /usr/bin/cmake --install /f1tenth_ws/build/ros2_basic
