[0.027s] Invoking command in '/f1tenth_ws/build/ros2_basic': CMAKE_PREFIX_PATH=${CMAKE_PREFIX_PATH}:/sim_ws/install/f1tenth_gym_ros:/opt/ros/foxy /usr/bin/cmake --build /f1tenth_ws/build/ros2_basic -- -j8 -l8
[0.089s] Invoked command in '/f1tenth_ws/build/ros2_basic' returned '0': CMAKE_PREFIX_PATH=${CMAKE_PREFIX_PATH}:/sim_ws/install/f1tenth_gym_ros:/opt/ros/foxy /usr/bin/cmake --build /f1tenth_ws/build/ros2_basic -- -j8 -l8
[0.146s] Invoking command in '/f1tenth_ws/build/ros2_basic': CMAKE_PREFIX_PATH=${CMAKE_PREFIX_PATH}:/sim_ws/install/f1tenth_gym_ros:/opt/ros/foxy /usr/bin/cmake --install /f1tenth_ws/build/ros2_basic
[0.158s] -- Install configuration: ""
[0.158s] -- Up-to-date: /f1tenth_ws/install/ros2_basic/lib/ros2_basic/simple_node.py
[0.158s] -- Up-to-date: /f1tenth_ws/install/ros2_basic/lib/ros2_basic/publisher_node.py
[0.158s] -- Up-to-date: /f1tenth_ws/install/ros2_basic/lib/ros2_basic/subscriber_node.py
[0.158s] -- Up-to-date: /f1tenth_ws/install/ros2_basic/lib/ros2_basic/drive.py
[0.158s] -- Up-to-date: /f1tenth_ws/install/ros2_basic/lib/ros2_basic/odom.py
[0.158s] -- Up-to-date: /f1tenth_ws/install/ros2_basic/lib/ros2_basic/control_meter.py
[0.158s] -- Up-to-date: /f1tenth_ws/install/ros2_basic/lib/ros2_basic/scan_node.py
[0.158s] -- Up-to-date: /f1tenth_ws/install/ros2_basic/lib/ros2_basic/detectObstacle.py
[0.159s] -- Up-to-date: /f1tenth_ws/install/ros2_basic/lib/ros2_basic/detectObstacle1.py
[0.159s] -- Up-to-date: /f1tenth_ws/install/ros2_basic/lib/ros2_basic/simple_server.py
[0.159s] -- Up-to-date: /f1tenth_ws/install/ros2_basic/lib/ros2_basic/simple_clients.py
[0.159s] -- Up-to-date: /f1tenth_ws/install/ros2_basic/lib/ros2_basic/1_clients_detectObstacle.py
[0.159s] -- Up-to-date: /f1tenth_ws/install/ros2_basic/lib/ros2_basic/1_server_detectObstacle.py
[0.159s] -- Installing: /f1tenth_ws/install/ros2_basic/lib/ros2_basic/PID.py
[0.159s] -- Up-to-date: /f1tenth_ws/install/ros2_basic/share/ament_index/resource_index/package_run_dependencies/ros2_basic
[0.159s] -- Up-to-date: /f1tenth_ws/install/ros2_basic/share/ament_index/resource_index/parent_prefix_path/ros2_basic
[0.159s] -- Up-to-date: /f1tenth_ws/install/ros2_basic/share/ros2_basic/environment/ament_prefix_path.sh
[0.159s] -- Up-to-date: /f1tenth_ws/install/ros2_basic/share/ros2_basic/environment/ament_prefix_path.dsv
[0.159s] -- Up-to-date: /f1tenth_ws/install/ros2_basic/share/ros2_basic/environment/path.sh
[0.159s] -- Up-to-date: /f1tenth_ws/install/ros2_basic/share/ros2_basic/environment/path.dsv
[0.160s] -- Up-to-date: /f1tenth_ws/install/ros2_basic/share/ros2_basic/local_setup.bash
[0.160s] -- Up-to-date: /f1tenth_ws/install/ros2_basic/share/ros2_basic/local_setup.sh
[0.160s] -- Up-to-date: /f1tenth_ws/install/ros2_basic/share/ros2_basic/local_setup.zsh
[0.160s] -- Up-to-date: /f1tenth_ws/install/ros2_basic/share/ros2_basic/local_setup.dsv
[0.160s] -- Installing: /f1tenth_ws/install/ros2_basic/share/ros2_basic/package.dsv
[0.160s] -- Up-to-date: /f1tenth_ws/install/ros2_basic/share/ament_index/resource_index/packages/ros2_basic
[0.160s] -- Up-to-date: /f1tenth_ws/install/ros2_basic/share/ros2_basic/cmake/ros2_basicConfig.cmake
[0.160s] -- Up-to-date: /f1tenth_ws/install/ros2_basic/share/ros2_basic/cmake/ros2_basicConfig-version.cmake
[0.160s] -- Up-to-date: /f1tenth_ws/install/ros2_basic/share/ros2_basic/package.xml
[0.162s] Invoked command in '/f1tenth_ws/build/ros2_basic' returned '0': CMAKE_PREFIX_PATH=${CMAKE_PREFIX_PATH}:/sim_ws/install/f1tenth_gym_ros:/opt/ros/foxy /usr/bin/cmake --install /f1tenth_ws/build/ros2_basic
