[0.036s] Invoking command in '/f1tenth_ws/build/f1tenth_msgs': CMAKE_PREFIX_PATH=${CMAKE_PREFIX_PATH}:/sim_ws/install/f1tenth_gym_ros:/opt/ros/foxy /usr/bin/cmake --build /f1tenth_ws/build/f1tenth_msgs -- -j8 -l8
[0.124s] [  2%] Built target f1tenth_msgs__cpp
[0.128s] [ 12%] Built target f1tenth_msgs__rosidl_generator_c
[0.168s] [ 23%] Built target f1tenth_msgs__rosidl_typesupport_cpp
[0.169s] [ 33%] Built target f1tenth_msgs__rosidl_typesupport_c
[0.171s] [ 43%] Built target f1tenth_msgs__rosidl_typesupport_introspection_cpp
[0.180s] [ 53%] Built target f1tenth_msgs__rosidl_typesupport_fastrtps_cpp
[0.182s] [ 64%] Built target f1tenth_msgs__rosidl_typesupport_introspection_c
[0.219s] [ 74%] Built target f1tenth_msgs__rosidl_typesupport_fastrtps_c
[0.250s] [ 74%] Built target f1tenth_msgs
[0.283s] [ 76%] Built target f1tenth_msgs__py
[0.329s] [ 84%] Built target f1tenth_msgs__python
[0.367s] [ 89%] Built target f1tenth_msgs__rosidl_typesupport_c__pyext
[0.374s] [ 94%] Built target f1tenth_msgs__rosidl_typesupport_introspection_c__pyext
[0.374s] [100%] Built target f1tenth_msgs__rosidl_typesupport_fastrtps_c__pyext
[0.388s] Invoked command in '/f1tenth_ws/build/f1tenth_msgs' returned '0': CMAKE_PREFIX_PATH=${CMAKE_PREFIX_PATH}:/sim_ws/install/f1tenth_gym_ros:/opt/ros/foxy /usr/bin/cmake --build /f1tenth_ws/build/f1tenth_msgs -- -j8 -l8
[0.499s] Invoking command in '/f1tenth_ws/build/f1tenth_msgs': CMAKE_PREFIX_PATH=${CMAKE_PREFIX_PATH}:/sim_ws/install/f1tenth_gym_ros:/opt/ros/foxy /usr/bin/cmake --install /f1tenth_ws/build/f1tenth_msgs
[0.511s] -- Install configuration: ""
[0.512s] -- Up-to-date: /f1tenth_ws/install/f1tenth_msgs/share/ament_index/resource_index/rosidl_interfaces/f1tenth_msgs
[0.512s] -- Up-to-date: /f1tenth_ws/install/f1tenth_msgs/include/f1tenth_msgs
[0.512s] -- Up-to-date: /f1tenth_ws/install/f1tenth_msgs/include/f1tenth_msgs/srv
[0.512s] -- Up-to-date: /f1tenth_ws/install/f1tenth_msgs/include/f1tenth_msgs/srv/add_two_ints.h
[0.512s] -- Up-to-date: /f1tenth_ws/install/f1tenth_msgs/include/f1tenth_msgs/srv/detail
[0.512s] -- Up-to-date: /f1tenth_ws/install/f1tenth_msgs/include/f1tenth_msgs/srv/detail/aeb__functions.h
[0.512s] -- Up-to-date: /f1tenth_ws/install/f1tenth_msgs/include/f1tenth_msgs/srv/detail/add_two_ints__functions.h
[0.512s] -- Up-to-date: /f1tenth_ws/install/f1tenth_msgs/include/f1tenth_msgs/srv/detail/add_two_ints__type_support.h
[0.512s] -- Up-to-date: /f1tenth_ws/install/f1tenth_msgs/include/f1tenth_msgs/srv/detail/add_two_ints__functions.c
[0.512s] -- Up-to-date: /f1tenth_ws/install/f1tenth_msgs/include/f1tenth_msgs/srv/detail/aeb__struct.h
[0.512s] -- Up-to-date: /f1tenth_ws/install/f1tenth_msgs/include/f1tenth_msgs/srv/detail/aeb__type_support.h
[0.513s] -- Up-to-date: /f1tenth_ws/install/f1tenth_msgs/include/f1tenth_msgs/srv/detail/aeb__functions.c
[0.513s] -- Up-to-date: /f1tenth_ws/install/f1tenth_msgs/include/f1tenth_msgs/srv/detail/add_two_ints__struct.h
[0.513s] -- Up-to-date: /f1tenth_ws/install/f1tenth_msgs/include/f1tenth_msgs/srv/aeb.h
[0.513s] -- Up-to-date: /f1tenth_ws/install/f1tenth_msgs/include/f1tenth_msgs/msg
[0.513s] -- Up-to-date: /f1tenth_ws/install/f1tenth_msgs/include/f1tenth_msgs/msg/rosidl_generator_c__visibility_control.h
[0.513s] -- Up-to-date: /f1tenth_ws/install/f1tenth_msgs/share/f1tenth_msgs/environment/library_path.sh
[0.513s] -- Up-to-date: /f1tenth_ws/install/f1tenth_msgs/share/f1tenth_msgs/environment/library_path.dsv
[0.513s] -- Up-to-date: /f1tenth_ws/install/f1tenth_msgs/lib/libf1tenth_msgs__rosidl_generator_c.so
[0.513s] -- Up-to-date: /f1tenth_ws/install/f1tenth_msgs/include/f1tenth_msgs
[0.513s] -- Up-to-date: /f1tenth_ws/install/f1tenth_msgs/include/f1tenth_msgs/srv
[0.513s] -- Up-to-date: /f1tenth_ws/install/f1tenth_msgs/include/f1tenth_msgs/srv/detail
[0.513s] -- Up-to-date: /f1tenth_ws/install/f1tenth_msgs/include/f1tenth_msgs/srv/detail/aeb__rosidl_typesupport_fastrtps_c.h
[0.513s] -- Up-to-date: /f1tenth_ws/install/f1tenth_msgs/include/f1tenth_msgs/srv/detail/add_two_ints__rosidl_typesupport_fastrtps_c.h
[0.513s] -- Up-to-date: /f1tenth_ws/install/f1tenth_msgs/include/f1tenth_msgs/msg
[0.514s] -- Up-to-date: /f1tenth_ws/install/f1tenth_msgs/include/f1tenth_msgs/msg/rosidl_typesupport_fastrtps_c__visibility_control.h
[0.514s] -- Up-to-date: /f1tenth_ws/install/f1tenth_msgs/lib/libf1tenth_msgs__rosidl_typesupport_fastrtps_c.so
[0.514s] -- Up-to-date: /f1tenth_ws/install/f1tenth_msgs/include/f1tenth_msgs
[0.514s] -- Up-to-date: /f1tenth_ws/install/f1tenth_msgs/include/f1tenth_msgs/srv
[0.514s] -- Up-to-date: /f1tenth_ws/install/f1tenth_msgs/include/f1tenth_msgs/srv/detail
[0.514s] -- Up-to-date: /f1tenth_ws/install/f1tenth_msgs/include/f1tenth_msgs/srv/detail/aeb__rosidl_typesupport_fastrtps_cpp.hpp
[0.514s] -- Up-to-date: /f1tenth_ws/install/f1tenth_msgs/include/f1tenth_msgs/srv/detail/add_two_ints__rosidl_typesupport_fastrtps_cpp.hpp
[0.514s] -- Up-to-date: /f1tenth_ws/install/f1tenth_msgs/include/f1tenth_msgs/srv/detail/dds_fastrtps
[0.514s] -- Up-to-date: /f1tenth_ws/install/f1tenth_msgs/include/f1tenth_msgs/msg
[0.514s] -- Up-to-date: /f1tenth_ws/install/f1tenth_msgs/include/f1tenth_msgs/msg/rosidl_typesupport_fastrtps_cpp__visibility_control.h
[0.514s] -- Up-to-date: /f1tenth_ws/install/f1tenth_msgs/lib/libf1tenth_msgs__rosidl_typesupport_fastrtps_cpp.so
[0.514s] -- Up-to-date: /f1tenth_ws/install/f1tenth_msgs/include/f1tenth_msgs
[0.514s] -- Up-to-date: /f1tenth_ws/install/f1tenth_msgs/include/f1tenth_msgs/srv
[0.515s] -- Up-to-date: /f1tenth_ws/install/f1tenth_msgs/include/f1tenth_msgs/srv/detail
[0.515s] -- Up-to-date: /f1tenth_ws/install/f1tenth_msgs/include/f1tenth_msgs/srv/detail/add_two_ints__type_support.c
[0.515s] -- Up-to-date: /f1tenth_ws/install/f1tenth_msgs/include/f1tenth_msgs/srv/detail/aeb__rosidl_typesupport_introspection_c.h
[0.515s] -- Up-to-date: /f1tenth_ws/install/f1tenth_msgs/include/f1tenth_msgs/srv/detail/aeb__type_support.c
[0.515s] -- Up-to-date: /f1tenth_ws/install/f1tenth_msgs/include/f1tenth_msgs/srv/detail/add_two_ints__rosidl_typesupport_introspection_c.h
[0.515s] -- Up-to-date: /f1tenth_ws/install/f1tenth_msgs/include/f1tenth_msgs/msg
[0.515s] -- Up-to-date: /f1tenth_ws/install/f1tenth_msgs/include/f1tenth_msgs/msg/rosidl_typesupport_introspection_c__visibility_control.h
[0.515s] -- Up-to-date: /f1tenth_ws/install/f1tenth_msgs/lib/libf1tenth_msgs__rosidl_typesupport_introspection_c.so
[0.515s] -- Up-to-date: /f1tenth_ws/install/f1tenth_msgs/lib/libf1tenth_msgs__rosidl_typesupport_c.so
[0.516s] -- Up-to-date: /f1tenth_ws/install/f1tenth_msgs/include/f1tenth_msgs
[0.516s] -- Up-to-date: /f1tenth_ws/install/f1tenth_msgs/include/f1tenth_msgs/srv
[0.516s] -- Up-to-date: /f1tenth_ws/install/f1tenth_msgs/include/f1tenth_msgs/srv/add_two_ints.hpp
[0.516s] -- Up-to-date: /f1tenth_ws/install/f1tenth_msgs/include/f1tenth_msgs/srv/aeb.hpp
[0.516s] -- Up-to-date: /f1tenth_ws/install/f1tenth_msgs/include/f1tenth_msgs/srv/detail
[0.516s] -- Up-to-date: /f1tenth_ws/install/f1tenth_msgs/include/f1tenth_msgs/srv/detail/add_two_ints__builder.hpp
[0.516s] -- Up-to-date: /f1tenth_ws/install/f1tenth_msgs/include/f1tenth_msgs/srv/detail/add_two_ints__type_support.hpp
[0.516s] -- Up-to-date: /f1tenth_ws/install/f1tenth_msgs/include/f1tenth_msgs/srv/detail/aeb__traits.hpp
[0.516s] -- Up-to-date: /f1tenth_ws/install/f1tenth_msgs/include/f1tenth_msgs/srv/detail/aeb__type_support.hpp
[0.516s] -- Up-to-date: /f1tenth_ws/install/f1tenth_msgs/include/f1tenth_msgs/srv/detail/aeb__builder.hpp
[0.516s] -- Up-to-date: /f1tenth_ws/install/f1tenth_msgs/include/f1tenth_msgs/srv/detail/add_two_ints__struct.hpp
[0.516s] -- Up-to-date: /f1tenth_ws/install/f1tenth_msgs/include/f1tenth_msgs/srv/detail/add_two_ints__traits.hpp
[0.517s] -- Up-to-date: /f1tenth_ws/install/f1tenth_msgs/include/f1tenth_msgs/srv/detail/aeb__struct.hpp
[0.517s] -- Up-to-date: /f1tenth_ws/install/f1tenth_msgs/include/f1tenth_msgs/msg
[0.517s] -- Up-to-date: /f1tenth_ws/install/f1tenth_msgs/include/f1tenth_msgs/msg/rosidl_generator_cpp__visibility_control.hpp
[0.517s] -- Up-to-date: /f1tenth_ws/install/f1tenth_msgs/include/f1tenth_msgs
[0.517s] -- Up-to-date: /f1tenth_ws/install/f1tenth_msgs/include/f1tenth_msgs/srv
[0.517s] -- Up-to-date: /f1tenth_ws/install/f1tenth_msgs/include/f1tenth_msgs/srv/detail
[0.517s] -- Up-to-date: /f1tenth_ws/install/f1tenth_msgs/include/f1tenth_msgs/srv/detail/aeb__rosidl_typesupport_introspection_cpp.hpp
[0.517s] -- Up-to-date: /f1tenth_ws/install/f1tenth_msgs/include/f1tenth_msgs/srv/detail/aeb__type_support.cpp
[0.517s] -- Up-to-date: /f1tenth_ws/install/f1tenth_msgs/include/f1tenth_msgs/srv/detail/add_two_ints__rosidl_typesupport_introspection_cpp.hpp
[0.517s] -- Up-to-date: /f1tenth_ws/install/f1tenth_msgs/include/f1tenth_msgs/srv/detail/add_two_ints__type_support.cpp
[0.517s] -- Up-to-date: /f1tenth_ws/install/f1tenth_msgs/lib/libf1tenth_msgs__rosidl_typesupport_introspection_cpp.so
[0.517s] -- Up-to-date: /f1tenth_ws/install/f1tenth_msgs/lib/libf1tenth_msgs__rosidl_typesupport_cpp.so
[0.517s] -- Up-to-date: /f1tenth_ws/install/f1tenth_msgs/share/f1tenth_msgs/environment/pythonpath.sh
[0.518s] -- Up-to-date: /f1tenth_ws/install/f1tenth_msgs/share/f1tenth_msgs/environment/pythonpath.dsv
[0.518s] -- Up-to-date: /f1tenth_ws/install/f1tenth_msgs/lib/python3.8/site-packages/f1tenth_msgs/__init__.py
[0.564s] -- Up-to-date: /f1tenth_ws/install/f1tenth_msgs/lib/python3.8/site-packages/f1tenth_msgs/srv
[0.565s] -- Up-to-date: /f1tenth_ws/install/f1tenth_msgs/lib/python3.8/site-packages/f1tenth_msgs/srv/__init__.py
[0.565s] -- Up-to-date: /f1tenth_ws/install/f1tenth_msgs/lib/python3.8/site-packages/f1tenth_msgs/srv/_aeb_s.c
[0.565s] -- Up-to-date: /f1tenth_ws/install/f1tenth_msgs/lib/python3.8/site-packages/f1tenth_msgs/srv/_aeb.py
[0.565s] -- Up-to-date: /f1tenth_ws/install/f1tenth_msgs/lib/python3.8/site-packages/f1tenth_msgs/srv/_add_two_ints_s.c
[0.565s] -- Up-to-date: /f1tenth_ws/install/f1tenth_msgs/lib/python3.8/site-packages/f1tenth_msgs/srv/_add_two_ints.py
[0.565s] -- Up-to-date: /f1tenth_ws/install/f1tenth_msgs/lib/python3.8/site-packages/f1tenth_msgs/f1tenth_msgs_s__rosidl_typesupport_fastrtps_c.cpython-38-x86_64-linux-gnu.so
[0.566s] -- Up-to-date: /f1tenth_ws/install/f1tenth_msgs/lib/python3.8/site-packages/f1tenth_msgs/f1tenth_msgs_s__rosidl_typesupport_introspection_c.cpython-38-x86_64-linux-gnu.so
[0.566s] -- Up-to-date: /f1tenth_ws/install/f1tenth_msgs/lib/python3.8/site-packages/f1tenth_msgs/f1tenth_msgs_s__rosidl_typesupport_c.cpython-38-x86_64-linux-gnu.so
[0.567s] -- Up-to-date: /f1tenth_ws/install/f1tenth_msgs/lib/libf1tenth_msgs__python.so
[0.567s] -- Up-to-date: /f1tenth_ws/install/f1tenth_msgs/share/f1tenth_msgs/srv/AddTwoInts.idl
[0.567s] -- Up-to-date: /f1tenth_ws/install/f1tenth_msgs/share/f1tenth_msgs/srv/Aeb.idl
[0.567s] -- Up-to-date: /f1tenth_ws/install/f1tenth_msgs/share/f1tenth_msgs/srv/AddTwoInts.srv
[0.567s] -- Up-to-date: /f1tenth_ws/install/f1tenth_msgs/share/f1tenth_msgs/srv/AddTwoInts_Request.msg
[0.568s] -- Up-to-date: /f1tenth_ws/install/f1tenth_msgs/share/f1tenth_msgs/srv/AddTwoInts_Response.msg
[0.568s] -- Up-to-date: /f1tenth_ws/install/f1tenth_msgs/share/f1tenth_msgs/srv/Aeb.srv
[0.568s] -- Up-to-date: /f1tenth_ws/install/f1tenth_msgs/share/f1tenth_msgs/srv/Aeb_Request.msg
[0.568s] -- Up-to-date: /f1tenth_ws/install/f1tenth_msgs/share/f1tenth_msgs/srv/Aeb_Response.msg
[0.568s] -- Up-to-date: /f1tenth_ws/install/f1tenth_msgs/share/ament_index/resource_index/package_run_dependencies/f1tenth_msgs
[0.568s] -- Up-to-date: /f1tenth_ws/install/f1tenth_msgs/share/ament_index/resource_index/parent_prefix_path/f1tenth_msgs
[0.568s] -- Up-to-date: /f1tenth_ws/install/f1tenth_msgs/share/f1tenth_msgs/environment/ament_prefix_path.sh
[0.569s] -- Up-to-date: /f1tenth_ws/install/f1tenth_msgs/share/f1tenth_msgs/environment/ament_prefix_path.dsv
[0.569s] -- Up-to-date: /f1tenth_ws/install/f1tenth_msgs/share/f1tenth_msgs/environment/path.sh
[0.569s] -- Up-to-date: /f1tenth_ws/install/f1tenth_msgs/share/f1tenth_msgs/environment/path.dsv
[0.569s] -- Up-to-date: /f1tenth_ws/install/f1tenth_msgs/share/f1tenth_msgs/local_setup.bash
[0.569s] -- Up-to-date: /f1tenth_ws/install/f1tenth_msgs/share/f1tenth_msgs/local_setup.sh
[0.569s] -- Up-to-date: /f1tenth_ws/install/f1tenth_msgs/share/f1tenth_msgs/local_setup.zsh
[0.569s] -- Up-to-date: /f1tenth_ws/install/f1tenth_msgs/share/f1tenth_msgs/local_setup.dsv
[0.569s] -- Installing: /f1tenth_ws/install/f1tenth_msgs/share/f1tenth_msgs/package.dsv
[0.569s] -- Up-to-date: /f1tenth_ws/install/f1tenth_msgs/share/ament_index/resource_index/packages/f1tenth_msgs
[0.570s] -- Up-to-date: /f1tenth_ws/install/f1tenth_msgs/share/f1tenth_msgs/cmake/f1tenth_msgs__rosidl_generator_cExport.cmake
[0.570s] -- Up-to-date: /f1tenth_ws/install/f1tenth_msgs/share/f1tenth_msgs/cmake/f1tenth_msgs__rosidl_generator_cExport-noconfig.cmake
[0.570s] -- Up-to-date: /f1tenth_ws/install/f1tenth_msgs/share/f1tenth_msgs/cmake/f1tenth_msgs__rosidl_typesupport_introspection_cExport.cmake
[0.570s] -- Up-to-date: /f1tenth_ws/install/f1tenth_msgs/share/f1tenth_msgs/cmake/f1tenth_msgs__rosidl_typesupport_introspection_cExport-noconfig.cmake
[0.570s] -- Up-to-date: /f1tenth_ws/install/f1tenth_msgs/share/f1tenth_msgs/cmake/f1tenth_msgs__rosidl_typesupport_cExport.cmake
[0.570s] -- Up-to-date: /f1tenth_ws/install/f1tenth_msgs/share/f1tenth_msgs/cmake/f1tenth_msgs__rosidl_typesupport_cExport-noconfig.cmake
[0.570s] -- Up-to-date: /f1tenth_ws/install/f1tenth_msgs/share/f1tenth_msgs/cmake/f1tenth_msgs__rosidl_generator_cppExport.cmake
[0.571s] -- Up-to-date: /f1tenth_ws/install/f1tenth_msgs/share/f1tenth_msgs/cmake/f1tenth_msgs__rosidl_typesupport_introspection_cppExport.cmake
[0.571s] -- Up-to-date: /f1tenth_ws/install/f1tenth_msgs/share/f1tenth_msgs/cmake/f1tenth_msgs__rosidl_typesupport_introspection_cppExport-noconfig.cmake
[0.571s] -- Up-to-date: /f1tenth_ws/install/f1tenth_msgs/share/f1tenth_msgs/cmake/f1tenth_msgs__rosidl_typesupport_cppExport.cmake
[0.571s] -- Up-to-date: /f1tenth_ws/install/f1tenth_msgs/share/f1tenth_msgs/cmake/f1tenth_msgs__rosidl_typesupport_cppExport-noconfig.cmake
[0.571s] -- Up-to-date: /f1tenth_ws/install/f1tenth_msgs/share/f1tenth_msgs/cmake/rosidl_cmake-extras.cmake
[0.571s] -- Up-to-date: /f1tenth_ws/install/f1tenth_msgs/share/f1tenth_msgs/cmake/ament_cmake_export_dependencies-extras.cmake
[0.571s] -- Up-to-date: /f1tenth_ws/install/f1tenth_msgs/share/f1tenth_msgs/cmake/ament_cmake_export_libraries-extras.cmake
[0.572s] -- Up-to-date: /f1tenth_ws/install/f1tenth_msgs/share/f1tenth_msgs/cmake/ament_cmake_export_targets-extras.cmake
[0.572s] -- Up-to-date: /f1tenth_ws/install/f1tenth_msgs/share/f1tenth_msgs/cmake/ament_cmake_export_include_directories-extras.cmake
[0.572s] -- Up-to-date: /f1tenth_ws/install/f1tenth_msgs/share/f1tenth_msgs/cmake/rosidl_cmake_export_typesupport_libraries-extras.cmake
[0.572s] -- Up-to-date: /f1tenth_ws/install/f1tenth_msgs/share/f1tenth_msgs/cmake/rosidl_cmake_export_typesupport_targets-extras.cmake
[0.572s] -- Up-to-date: /f1tenth_ws/install/f1tenth_msgs/share/f1tenth_msgs/cmake/f1tenth_msgsConfig.cmake
[0.572s] -- Up-to-date: /f1tenth_ws/install/f1tenth_msgs/share/f1tenth_msgs/cmake/f1tenth_msgsConfig-version.cmake
[0.572s] -- Up-to-date: /f1tenth_ws/install/f1tenth_msgs/share/f1tenth_msgs/package.xml
[0.577s] Invoked command in '/f1tenth_ws/build/f1tenth_msgs' returned '0': CMAKE_PREFIX_PATH=${CMAKE_PREFIX_PATH}:/sim_ws/install/f1tenth_gym_ros:/opt/ros/foxy /usr/bin/cmake --install /f1tenth_ws/build/f1tenth_msgs
