[0.062s] Invoking command in '/f1tenth_ws/build/f1tenth_msgs': CMAKE_PREFIX_PATH=${CMAKE_PREFIX_PATH}:/sim_ws/install/f1tenth_gym_ros:/opt/ros/foxy /usr/bin/cmake --build /f1tenth_ws/build/f1tenth_msgs -- -j8 -l8
[0.211s] [  2%] Built target f1tenth_msgs__cpp
[0.220s] [ 12%] Built target f1tenth_msgs__rosidl_generator_c
[0.292s] [ 23%] Built target f1tenth_msgs__rosidl_typesupport_introspection_cpp
[0.303s] [ 33%] Built target f1tenth_msgs__rosidl_typesupport_fastrtps_cpp
[0.308s] [ 43%] Built target f1tenth_msgs__rosidl_typesupport_introspection_c
[0.311s] [ 53%] Built target f1tenth_msgs__rosidl_typesupport_cpp
[0.319s] [ 64%] Built target f1tenth_msgs__rosidl_typesupport_c
[0.382s] [ 74%] Built target f1tenth_msgs__rosidl_typesupport_fastrtps_c
[0.430s] [ 74%] Built target f1tenth_msgs
[0.486s] [ 76%] Built target f1tenth_msgs__py
[0.547s] [ 84%] Built target f1tenth_msgs__python
[0.608s] [ 94%] Built target f1tenth_msgs__rosidl_typesupport_fastrtps_c__pyext
[0.608s] [ 94%] Built target f1tenth_msgs__rosidl_typesupport_c__pyext
[0.611s] [100%] Built target f1tenth_msgs__rosidl_typesupport_introspection_c__pyext
[0.638s] Invoked command in '/f1tenth_ws/build/f1tenth_msgs' returned '0': CMAKE_PREFIX_PATH=${CMAKE_PREFIX_PATH}:/sim_ws/install/f1tenth_gym_ros:/opt/ros/foxy /usr/bin/cmake --build /f1tenth_ws/build/f1tenth_msgs -- -j8 -l8
[0.812s] Invoking command in '/f1tenth_ws/build/f1tenth_msgs': CMAKE_PREFIX_PATH=${CMAKE_PREFIX_PATH}:/sim_ws/install/f1tenth_gym_ros:/opt/ros/foxy /usr/bin/cmake --install /f1tenth_ws/build/f1tenth_msgs
[0.832s] -- Install configuration: ""
[0.833s] -- Up-to-date: /f1tenth_ws/install/f1tenth_msgs/share/ament_index/resource_index/rosidl_interfaces/f1tenth_msgs
[0.833s] -- Up-to-date: /f1tenth_ws/install/f1tenth_msgs/include/f1tenth_msgs
[0.833s] -- Up-to-date: /f1tenth_ws/install/f1tenth_msgs/include/f1tenth_msgs/srv
[0.834s] -- Up-to-date: /f1tenth_ws/install/f1tenth_msgs/include/f1tenth_msgs/srv/add_two_ints.h
[0.834s] -- Up-to-date: /f1tenth_ws/install/f1tenth_msgs/include/f1tenth_msgs/srv/detail
[0.834s] -- Up-to-date: /f1tenth_ws/install/f1tenth_msgs/include/f1tenth_msgs/srv/detail/aeb__functions.h
[0.834s] -- Up-to-date: /f1tenth_ws/install/f1tenth_msgs/include/f1tenth_msgs/srv/detail/add_two_ints__functions.h
[0.834s] -- Up-to-date: /f1tenth_ws/install/f1tenth_msgs/include/f1tenth_msgs/srv/detail/add_two_ints__type_support.h
[0.834s] -- Up-to-date: /f1tenth_ws/install/f1tenth_msgs/include/f1tenth_msgs/srv/detail/add_two_ints__functions.c
[0.835s] -- Up-to-date: /f1tenth_ws/install/f1tenth_msgs/include/f1tenth_msgs/srv/detail/aeb__struct.h
[0.835s] -- Up-to-date: /f1tenth_ws/install/f1tenth_msgs/include/f1tenth_msgs/srv/detail/aeb__type_support.h
[0.835s] -- Up-to-date: /f1tenth_ws/install/f1tenth_msgs/include/f1tenth_msgs/srv/detail/aeb__functions.c
[0.836s] -- Up-to-date: /f1tenth_ws/install/f1tenth_msgs/include/f1tenth_msgs/srv/detail/add_two_ints__struct.h
[0.836s] -- Up-to-date: /f1tenth_ws/install/f1tenth_msgs/include/f1tenth_msgs/srv/aeb.h
[0.836s] -- Up-to-date: /f1tenth_ws/install/f1tenth_msgs/include/f1tenth_msgs/msg
[0.836s] -- Up-to-date: /f1tenth_ws/install/f1tenth_msgs/include/f1tenth_msgs/msg/rosidl_generator_c__visibility_control.h
[0.836s] -- Up-to-date: /f1tenth_ws/install/f1tenth_msgs/share/f1tenth_msgs/environment/library_path.sh
[0.837s] -- Up-to-date: /f1tenth_ws/install/f1tenth_msgs/share/f1tenth_msgs/environment/library_path.dsv
[0.837s] -- Up-to-date: /f1tenth_ws/install/f1tenth_msgs/lib/libf1tenth_msgs__rosidl_generator_c.so
[0.837s] -- Up-to-date: /f1tenth_ws/install/f1tenth_msgs/include/f1tenth_msgs
[0.838s] -- Up-to-date: /f1tenth_ws/install/f1tenth_msgs/include/f1tenth_msgs/srv
[0.838s] -- Up-to-date: /f1tenth_ws/install/f1tenth_msgs/include/f1tenth_msgs/srv/detail
[0.838s] -- Up-to-date: /f1tenth_ws/install/f1tenth_msgs/include/f1tenth_msgs/srv/detail/aeb__rosidl_typesupport_fastrtps_c.h
[0.839s] -- Up-to-date: /f1tenth_ws/install/f1tenth_msgs/include/f1tenth_msgs/srv/detail/add_two_ints__rosidl_typesupport_fastrtps_c.h
[0.839s] -- Up-to-date: /f1tenth_ws/install/f1tenth_msgs/include/f1tenth_msgs/msg
[0.839s] -- Up-to-date: /f1tenth_ws/install/f1tenth_msgs/include/f1tenth_msgs/msg/rosidl_typesupport_fastrtps_c__visibility_control.h
[0.840s] -- Up-to-date: /f1tenth_ws/install/f1tenth_msgs/lib/libf1tenth_msgs__rosidl_typesupport_fastrtps_c.so
[0.840s] -- Up-to-date: /f1tenth_ws/install/f1tenth_msgs/include/f1tenth_msgs
[0.840s] -- Up-to-date: /f1tenth_ws/install/f1tenth_msgs/include/f1tenth_msgs/srv
[0.840s] -- Up-to-date: /f1tenth_ws/install/f1tenth_msgs/include/f1tenth_msgs/srv/detail
[0.840s] -- Up-to-date: /f1tenth_ws/install/f1tenth_msgs/include/f1tenth_msgs/srv/detail/aeb__rosidl_typesupport_fastrtps_cpp.hpp
[0.841s] -- Up-to-date: /f1tenth_ws/install/f1tenth_msgs/include/f1tenth_msgs/srv/detail/add_two_ints__rosidl_typesupport_fastrtps_cpp.hpp
[0.841s] -- Up-to-date: /f1tenth_ws/install/f1tenth_msgs/include/f1tenth_msgs/srv/detail/dds_fastrtps
[0.841s] -- Up-to-date: /f1tenth_ws/install/f1tenth_msgs/include/f1tenth_msgs/msg
[0.842s] -- Up-to-date: /f1tenth_ws/install/f1tenth_msgs/include/f1tenth_msgs/msg/rosidl_typesupport_fastrtps_cpp__visibility_control.h
[0.842s] -- Up-to-date: /f1tenth_ws/install/f1tenth_msgs/lib/libf1tenth_msgs__rosidl_typesupport_fastrtps_cpp.so
[0.843s] -- Up-to-date: /f1tenth_ws/install/f1tenth_msgs/include/f1tenth_msgs
[0.843s] -- Up-to-date: /f1tenth_ws/install/f1tenth_msgs/include/f1tenth_msgs/srv
[0.843s] -- Up-to-date: /f1tenth_ws/install/f1tenth_msgs/include/f1tenth_msgs/srv/detail
[0.843s] -- Up-to-date: /f1tenth_ws/install/f1tenth_msgs/include/f1tenth_msgs/srv/detail/add_two_ints__type_support.c
[0.843s] -- Up-to-date: /f1tenth_ws/install/f1tenth_msgs/include/f1tenth_msgs/srv/detail/aeb__rosidl_typesupport_introspection_c.h
[0.843s] -- Up-to-date: /f1tenth_ws/install/f1tenth_msgs/include/f1tenth_msgs/srv/detail/aeb__type_support.c
[0.844s] -- Up-to-date: /f1tenth_ws/install/f1tenth_msgs/include/f1tenth_msgs/srv/detail/add_two_ints__rosidl_typesupport_introspection_c.h
[0.844s] -- Up-to-date: /f1tenth_ws/install/f1tenth_msgs/include/f1tenth_msgs/msg
[0.844s] -- Up-to-date: /f1tenth_ws/install/f1tenth_msgs/include/f1tenth_msgs/msg/rosidl_typesupport_introspection_c__visibility_control.h
[0.844s] -- Up-to-date: /f1tenth_ws/install/f1tenth_msgs/lib/libf1tenth_msgs__rosidl_typesupport_introspection_c.so
[0.844s] -- Up-to-date: /f1tenth_ws/install/f1tenth_msgs/lib/libf1tenth_msgs__rosidl_typesupport_c.so
[0.845s] -- Up-to-date: /f1tenth_ws/install/f1tenth_msgs/include/f1tenth_msgs
[0.845s] -- Up-to-date: /f1tenth_ws/install/f1tenth_msgs/include/f1tenth_msgs/srv
[0.845s] -- Up-to-date: /f1tenth_ws/install/f1tenth_msgs/include/f1tenth_msgs/srv/add_two_ints.hpp
[0.845s] -- Up-to-date: /f1tenth_ws/install/f1tenth_msgs/include/f1tenth_msgs/srv/aeb.hpp
[0.845s] -- Up-to-date: /f1tenth_ws/install/f1tenth_msgs/include/f1tenth_msgs/srv/detail
[0.845s] -- Up-to-date: /f1tenth_ws/install/f1tenth_msgs/include/f1tenth_msgs/srv/detail/add_two_ints__builder.hpp
[0.845s] -- Up-to-date: /f1tenth_ws/install/f1tenth_msgs/include/f1tenth_msgs/srv/detail/add_two_ints__type_support.hpp
[0.845s] -- Up-to-date: /f1tenth_ws/install/f1tenth_msgs/include/f1tenth_msgs/srv/detail/aeb__traits.hpp
[0.845s] -- Up-to-date: /f1tenth_ws/install/f1tenth_msgs/include/f1tenth_msgs/srv/detail/aeb__type_support.hpp
[0.846s] -- Up-to-date: /f1tenth_ws/install/f1tenth_msgs/include/f1tenth_msgs/srv/detail/aeb__builder.hpp
[0.846s] -- Up-to-date: /f1tenth_ws/install/f1tenth_msgs/include/f1tenth_msgs/srv/detail/add_two_ints__struct.hpp
[0.846s] -- Up-to-date: /f1tenth_ws/install/f1tenth_msgs/include/f1tenth_msgs/srv/detail/add_two_ints__traits.hpp
[0.846s] -- Up-to-date: /f1tenth_ws/install/f1tenth_msgs/include/f1tenth_msgs/srv/detail/aeb__struct.hpp
[0.846s] -- Up-to-date: /f1tenth_ws/install/f1tenth_msgs/include/f1tenth_msgs/msg
[0.846s] -- Up-to-date: /f1tenth_ws/install/f1tenth_msgs/include/f1tenth_msgs/msg/rosidl_generator_cpp__visibility_control.hpp
[0.846s] -- Up-to-date: /f1tenth_ws/install/f1tenth_msgs/include/f1tenth_msgs
[0.846s] -- Up-to-date: /f1tenth_ws/install/f1tenth_msgs/include/f1tenth_msgs/srv
[0.847s] -- Up-to-date: /f1tenth_ws/install/f1tenth_msgs/include/f1tenth_msgs/srv/detail
[0.847s] -- Up-to-date: /f1tenth_ws/install/f1tenth_msgs/include/f1tenth_msgs/srv/detail/aeb__rosidl_typesupport_introspection_cpp.hpp
[0.847s] -- Up-to-date: /f1tenth_ws/install/f1tenth_msgs/include/f1tenth_msgs/srv/detail/aeb__type_support.cpp
[0.847s] -- Up-to-date: /f1tenth_ws/install/f1tenth_msgs/include/f1tenth_msgs/srv/detail/add_two_ints__rosidl_typesupport_introspection_cpp.hpp
[0.847s] -- Up-to-date: /f1tenth_ws/install/f1tenth_msgs/include/f1tenth_msgs/srv/detail/add_two_ints__type_support.cpp
[0.848s] -- Up-to-date: /f1tenth_ws/install/f1tenth_msgs/lib/libf1tenth_msgs__rosidl_typesupport_introspection_cpp.so
[0.848s] -- Up-to-date: /f1tenth_ws/install/f1tenth_msgs/lib/libf1tenth_msgs__rosidl_typesupport_cpp.so
[0.848s] -- Up-to-date: /f1tenth_ws/install/f1tenth_msgs/share/f1tenth_msgs/environment/pythonpath.sh
[0.848s] -- Up-to-date: /f1tenth_ws/install/f1tenth_msgs/share/f1tenth_msgs/environment/pythonpath.dsv
[0.848s] -- Up-to-date: /f1tenth_ws/install/f1tenth_msgs/lib/python3.8/site-packages/f1tenth_msgs/__init__.py
[0.924s] -- Up-to-date: /f1tenth_ws/install/f1tenth_msgs/lib/python3.8/site-packages/f1tenth_msgs/srv
[0.924s] -- Up-to-date: /f1tenth_ws/install/f1tenth_msgs/lib/python3.8/site-packages/f1tenth_msgs/srv/__init__.py
[0.925s] -- Up-to-date: /f1tenth_ws/install/f1tenth_msgs/lib/python3.8/site-packages/f1tenth_msgs/srv/_aeb_s.c
[0.925s] -- Up-to-date: /f1tenth_ws/install/f1tenth_msgs/lib/python3.8/site-packages/f1tenth_msgs/srv/_aeb.py
[0.925s] -- Up-to-date: /f1tenth_ws/install/f1tenth_msgs/lib/python3.8/site-packages/f1tenth_msgs/srv/_add_two_ints_s.c
[0.925s] -- Up-to-date: /f1tenth_ws/install/f1tenth_msgs/lib/python3.8/site-packages/f1tenth_msgs/srv/_add_two_ints.py
[0.925s] -- Up-to-date: /f1tenth_ws/install/f1tenth_msgs/lib/python3.8/site-packages/f1tenth_msgs/f1tenth_msgs_s__rosidl_typesupport_fastrtps_c.cpython-38-x86_64-linux-gnu.so
[0.926s] -- Up-to-date: /f1tenth_ws/install/f1tenth_msgs/lib/python3.8/site-packages/f1tenth_msgs/f1tenth_msgs_s__rosidl_typesupport_introspection_c.cpython-38-x86_64-linux-gnu.so
[0.928s] -- Up-to-date: /f1tenth_ws/install/f1tenth_msgs/lib/python3.8/site-packages/f1tenth_msgs/f1tenth_msgs_s__rosidl_typesupport_c.cpython-38-x86_64-linux-gnu.so
[0.929s] -- Up-to-date: /f1tenth_ws/install/f1tenth_msgs/lib/libf1tenth_msgs__python.so
[0.930s] -- Up-to-date: /f1tenth_ws/install/f1tenth_msgs/share/f1tenth_msgs/srv/AddTwoInts.idl
[0.930s] -- Up-to-date: /f1tenth_ws/install/f1tenth_msgs/share/f1tenth_msgs/srv/Aeb.idl
[0.930s] -- Up-to-date: /f1tenth_ws/install/f1tenth_msgs/share/f1tenth_msgs/srv/AddTwoInts.srv
[0.931s] -- Up-to-date: /f1tenth_ws/install/f1tenth_msgs/share/f1tenth_msgs/srv/AddTwoInts_Request.msg
[0.931s] -- Up-to-date: /f1tenth_ws/install/f1tenth_msgs/share/f1tenth_msgs/srv/AddTwoInts_Response.msg
[0.932s] -- Up-to-date: /f1tenth_ws/install/f1tenth_msgs/share/f1tenth_msgs/srv/Aeb.srv
[0.932s] -- Up-to-date: /f1tenth_ws/install/f1tenth_msgs/share/f1tenth_msgs/srv/Aeb_Request.msg
[0.932s] -- Up-to-date: /f1tenth_ws/install/f1tenth_msgs/share/f1tenth_msgs/srv/Aeb_Response.msg
[0.932s] -- Up-to-date: /f1tenth_ws/install/f1tenth_msgs/share/ament_index/resource_index/package_run_dependencies/f1tenth_msgs
[0.932s] -- Up-to-date: /f1tenth_ws/install/f1tenth_msgs/share/ament_index/resource_index/parent_prefix_path/f1tenth_msgs
[0.933s] -- Up-to-date: /f1tenth_ws/install/f1tenth_msgs/share/f1tenth_msgs/environment/ament_prefix_path.sh
[0.933s] -- Up-to-date: /f1tenth_ws/install/f1tenth_msgs/share/f1tenth_msgs/environment/ament_prefix_path.dsv
[0.933s] -- Up-to-date: /f1tenth_ws/install/f1tenth_msgs/share/f1tenth_msgs/environment/path.sh
[0.933s] -- Up-to-date: /f1tenth_ws/install/f1tenth_msgs/share/f1tenth_msgs/environment/path.dsv
[0.935s] -- Up-to-date: /f1tenth_ws/install/f1tenth_msgs/share/f1tenth_msgs/local_setup.bash
[0.936s] -- Up-to-date: /f1tenth_ws/install/f1tenth_msgs/share/f1tenth_msgs/local_setup.sh
[0.936s] -- Up-to-date: /f1tenth_ws/install/f1tenth_msgs/share/f1tenth_msgs/local_setup.zsh
[0.936s] -- Up-to-date: /f1tenth_ws/install/f1tenth_msgs/share/f1tenth_msgs/local_setup.dsv
[0.936s] -- Installing: /f1tenth_ws/install/f1tenth_msgs/share/f1tenth_msgs/package.dsv
[0.937s] -- Up-to-date: /f1tenth_ws/install/f1tenth_msgs/share/ament_index/resource_index/packages/f1tenth_msgs
[0.937s] -- Up-to-date: /f1tenth_ws/install/f1tenth_msgs/share/f1tenth_msgs/cmake/f1tenth_msgs__rosidl_generator_cExport.cmake
[0.937s] -- Up-to-date: /f1tenth_ws/install/f1tenth_msgs/share/f1tenth_msgs/cmake/f1tenth_msgs__rosidl_generator_cExport-noconfig.cmake
[0.937s] -- Up-to-date: /f1tenth_ws/install/f1tenth_msgs/share/f1tenth_msgs/cmake/f1tenth_msgs__rosidl_typesupport_introspection_cExport.cmake
[0.938s] -- Up-to-date: /f1tenth_ws/install/f1tenth_msgs/share/f1tenth_msgs/cmake/f1tenth_msgs__rosidl_typesupport_introspection_cExport-noconfig.cmake
[0.938s] -- Up-to-date: /f1tenth_ws/install/f1tenth_msgs/share/f1tenth_msgs/cmake/f1tenth_msgs__rosidl_typesupport_cExport.cmake
[0.938s] -- Up-to-date: /f1tenth_ws/install/f1tenth_msgs/share/f1tenth_msgs/cmake/f1tenth_msgs__rosidl_typesupport_cExport-noconfig.cmake
[0.939s] -- Up-to-date: /f1tenth_ws/install/f1tenth_msgs/share/f1tenth_msgs/cmake/f1tenth_msgs__rosidl_generator_cppExport.cmake
[0.939s] -- Up-to-date: /f1tenth_ws/install/f1tenth_msgs/share/f1tenth_msgs/cmake/f1tenth_msgs__rosidl_typesupport_introspection_cppExport.cmake
[0.939s] -- Up-to-date: /f1tenth_ws/install/f1tenth_msgs/share/f1tenth_msgs/cmake/f1tenth_msgs__rosidl_typesupport_introspection_cppExport-noconfig.cmake
[0.940s] -- Up-to-date: /f1tenth_ws/install/f1tenth_msgs/share/f1tenth_msgs/cmake/f1tenth_msgs__rosidl_typesupport_cppExport.cmake
[0.940s] -- Up-to-date: /f1tenth_ws/install/f1tenth_msgs/share/f1tenth_msgs/cmake/f1tenth_msgs__rosidl_typesupport_cppExport-noconfig.cmake
[0.940s] -- Up-to-date: /f1tenth_ws/install/f1tenth_msgs/share/f1tenth_msgs/cmake/rosidl_cmake-extras.cmake
[0.940s] -- Up-to-date: /f1tenth_ws/install/f1tenth_msgs/share/f1tenth_msgs/cmake/ament_cmake_export_dependencies-extras.cmake
[0.941s] -- Up-to-date: /f1tenth_ws/install/f1tenth_msgs/share/f1tenth_msgs/cmake/ament_cmake_export_libraries-extras.cmake
[0.941s] -- Up-to-date: /f1tenth_ws/install/f1tenth_msgs/share/f1tenth_msgs/cmake/ament_cmake_export_targets-extras.cmake
[0.941s] -- Up-to-date: /f1tenth_ws/install/f1tenth_msgs/share/f1tenth_msgs/cmake/ament_cmake_export_include_directories-extras.cmake
[0.941s] -- Up-to-date: /f1tenth_ws/install/f1tenth_msgs/share/f1tenth_msgs/cmake/rosidl_cmake_export_typesupport_libraries-extras.cmake
[0.941s] -- Up-to-date: /f1tenth_ws/install/f1tenth_msgs/share/f1tenth_msgs/cmake/rosidl_cmake_export_typesupport_targets-extras.cmake
[0.942s] -- Up-to-date: /f1tenth_ws/install/f1tenth_msgs/share/f1tenth_msgs/cmake/f1tenth_msgsConfig.cmake
[0.942s] -- Up-to-date: /f1tenth_ws/install/f1tenth_msgs/share/f1tenth_msgs/cmake/f1tenth_msgsConfig-version.cmake
[0.942s] -- Up-to-date: /f1tenth_ws/install/f1tenth_msgs/share/f1tenth_msgs/package.xml
[0.949s] Invoked command in '/f1tenth_ws/build/f1tenth_msgs' returned '0': CMAKE_PREFIX_PATH=${CMAKE_PREFIX_PATH}:/sim_ws/install/f1tenth_gym_ros:/opt/ros/foxy /usr/bin/cmake --install /f1tenth_ws/build/f1tenth_msgs
