-- Install configuration: ""
-- Up-to-date: /f1tenth_ws/install/ros2_basic/lib/ros2_basic/simple_node.py
-- Up-to-date: /f1tenth_ws/install/ros2_basic/lib/ros2_basic/publisher_node.py
-- Up-to-date: /f1tenth_ws/install/ros2_basic/lib/ros2_basic/subscriber_node.py
-- Up-to-date: /f1tenth_ws/install/ros2_basic/lib/ros2_basic/drive.py
-- Up-to-date: /f1tenth_ws/install/ros2_basic/lib/ros2_basic/odom.py
-- Up-to-date: /f1tenth_ws/install/ros2_basic/lib/ros2_basic/control_meter.py
-- Up-to-date: /f1tenth_ws/install/ros2_basic/lib/ros2_basic/scan_node.py
-- Up-to-date: /f1tenth_ws/install/ros2_basic/lib/ros2_basic/detectObstacle.py
-- Up-to-date: /f1tenth_ws/install/ros2_basic/lib/ros2_basic/detectObstacle1.py
-- Up-to-date: /f1tenth_ws/install/ros2_basic/lib/ros2_basic/simple_server.py
-- Up-to-date: /f1tenth_ws/install/ros2_basic/lib/ros2_basic/simple_clients.py
-- Up-to-date: /f1tenth_ws/install/ros2_basic/lib/ros2_basic/1_clients_detectObstacle.py
-- Installing: /f1tenth_ws/install/ros2_basic/lib/ros2_basic/1_server_detectObstacle.py
-- Up-to-date: /f1tenth_ws/install/ros2_basic/share/ament_index/resource_index/package_run_dependencies/ros2_basic
-- Up-to-date: /f1tenth_ws/install/ros2_basic/share/ament_index/resource_index/parent_prefix_path/ros2_basic
-- Up-to-date: /f1tenth_ws/install/ros2_basic/share/ros2_basic/environment/ament_prefix_path.sh
-- Up-to-date: /f1tenth_ws/install/ros2_basic/share/ros2_basic/environment/ament_prefix_path.dsv
-- Up-to-date: /f1tenth_ws/install/ros2_basic/share/ros2_basic/environment/path.sh
-- Up-to-date: /f1tenth_ws/install/ros2_basic/share/ros2_basic/environment/path.dsv
-- Up-to-date: /f1tenth_ws/install/ros2_basic/share/ros2_basic/local_setup.bash
-- Up-to-date: /f1tenth_ws/install/ros2_basic/share/ros2_basic/local_setup.sh
-- Up-to-date: /f1tenth_ws/install/ros2_basic/share/ros2_basic/local_setup.zsh
-- Up-to-date: /f1tenth_ws/install/ros2_basic/share/ros2_basic/local_setup.dsv
-- Installing: /f1tenth_ws/install/ros2_basic/share/ros2_basic/package.dsv
-- Up-to-date: /f1tenth_ws/install/ros2_basic/share/ament_index/resource_index/packages/ros2_basic
-- Up-to-date: /f1tenth_ws/install/ros2_basic/share/ros2_basic/cmake/ros2_basicConfig.cmake
-- Up-to-date: /f1tenth_ws/install/ros2_basic/share/ros2_basic/cmake/ros2_basicConfig-version.cmake
-- Up-to-date: /f1tenth_ws/install/ros2_basic/share/ros2_basic/package.xml
