[0.468s] DEBUG:colcon:Command line arguments: ['/usr/bin/colcon', 'build']
[0.468s] DEBUG:colcon:Parsed command line arguments: Namespace(ament_cmake_args=None, base_paths=['.'], build_base='build', catkin_cmake_args=None, catkin_skip_building_tests=False, cmake_args=None, cmake_clean_cache=False, cmake_clean_first=False, cmake_force_configure=False, cmake_target=None, cmake_target_skip_unavailable=False, continue_on_error=False, event_handlers=None, executor='parallel', ignore_user_meta=False, install_base='install', log_base=None, log_level=None, main=<bound method BuildVerb.main of <colcon_core.verb.build.BuildVerb object at 0x7e76c57b6c40>>, merge_install=False, metas=['./colcon.meta'], mixin=None, mixin_files=None, mixin_verb=('build',), packages_above=None, packages_above_and_dependencies=None, packages_above_depth=None, packages_end=None, packages_ignore=None, packages_ignore_regex=None, packages_select=None, packages_select_build_failed=False, packages_select_by_dep=None, packages_select_regex=None, packages_select_test_failures=False, packages_skip=None, packages_skip_build_finished=False, packages_skip_by_dep=None, packages_skip_regex=None, packages_skip_test_passed=False, packages_skip_up_to=None, packages_start=None, packages_up_to=None, packages_up_to_regex=None, parallel_workers=8, paths=None, symlink_install=False, test_result_base=None, verb_extension=<colcon_core.verb.build.BuildVerb object at 0x7e76c57b6c40>, verb_name='build', verb_parser=<colcon_mixin.mixin.mixin_argument.MixinArgumentDecorator object at 0x7e76c57c6250>)
[0.513s] Level 1:colcon.colcon_core.package_discovery:discover_packages(colcon_meta) check parameters
[0.514s] INFO:colcon.colcon_metadata.package_discovery.colcon_meta:Using configuration from '/root/.colcon/metadata/default/Gazebo.meta'
[0.515s] INFO:colcon.colcon_metadata.package_discovery.colcon_meta:Using configuration from '/root/.colcon/metadata/default/fastdds.meta'
[0.516s] INFO:colcon.colcon_metadata.package_discovery.colcon_meta:Using configuration from '/root/.colcon/metadata/default/fastrtps.meta'
[0.516s] Level 1:colcon.colcon_core.package_discovery:discover_packages(recursive) check parameters
[0.516s] Level 1:colcon.colcon_core.package_discovery:discover_packages(ignore) check parameters
[0.516s] Level 1:colcon.colcon_core.package_discovery:discover_packages(path) check parameters
[0.516s] Level 1:colcon.colcon_core.package_discovery:discover_packages(colcon_meta) discover
[0.516s] Level 1:colcon.colcon_core.package_discovery:discover_packages(recursive) discover
[0.516s] INFO:colcon.colcon_core.package_discovery:Crawling recursively for packages in '/f1tenth_ws'
[0.516s] Level 1:colcon.colcon_core.package_identification:_identify(.) by extensions ['ignore', 'ignore_ament_install']
[0.516s] Level 1:colcon.colcon_core.package_identification:_identify(.) by extension 'ignore'
[0.516s] Level 1:colcon.colcon_core.package_identification:_identify(.) by extension 'ignore_ament_install'
[0.516s] Level 1:colcon.colcon_core.package_identification:_identify(.) by extensions ['colcon_pkg']
[0.516s] Level 1:colcon.colcon_core.package_identification:_identify(.) by extension 'colcon_pkg'
[0.516s] Level 1:colcon.colcon_core.package_identification:_identify(.) by extensions ['colcon_meta']
[0.517s] Level 1:colcon.colcon_core.package_identification:_identify(.) by extension 'colcon_meta'
[0.517s] Level 1:colcon.colcon_core.package_identification:_identify(.) by extensions ['ros']
[0.517s] Level 1:colcon.colcon_core.package_identification:_identify(.) by extension 'ros'
[0.550s] Level 1:colcon.colcon_core.package_identification:_identify(.) by extensions ['cmake', 'python']
[0.550s] Level 1:colcon.colcon_core.package_identification:_identify(.) by extension 'cmake'
[0.550s] Level 1:colcon.colcon_core.package_identification:_identify(.) by extension 'python'
[0.550s] Level 1:colcon.colcon_core.package_identification:_identify(.) by extensions ['python_setup_py']
[0.550s] Level 1:colcon.colcon_core.package_identification:_identify(.) by extension 'python_setup_py'
[0.550s] Level 1:colcon.colcon_core.package_identification:_identify(build) by extensions ['ignore', 'ignore_ament_install']
[0.550s] Level 1:colcon.colcon_core.package_identification:_identify(build) by extension 'ignore'
[0.550s] Level 1:colcon.colcon_core.package_identification:_identify(build) ignored
[0.550s] Level 1:colcon.colcon_core.package_identification:_identify(install) by extensions ['ignore', 'ignore_ament_install']
[0.551s] Level 1:colcon.colcon_core.package_identification:_identify(install) by extension 'ignore'
[0.551s] Level 1:colcon.colcon_core.package_identification:_identify(install) ignored
[0.551s] Level 1:colcon.colcon_core.package_identification:_identify(log) by extensions ['ignore', 'ignore_ament_install']
[0.551s] Level 1:colcon.colcon_core.package_identification:_identify(log) by extension 'ignore'
[0.551s] Level 1:colcon.colcon_core.package_identification:_identify(log) ignored
[0.551s] Level 1:colcon.colcon_core.package_identification:_identify(src) by extensions ['ignore', 'ignore_ament_install']
[0.551s] Level 1:colcon.colcon_core.package_identification:_identify(src) by extension 'ignore'
[0.551s] Level 1:colcon.colcon_core.package_identification:_identify(src) by extension 'ignore_ament_install'
[0.551s] Level 1:colcon.colcon_core.package_identification:_identify(src) by extensions ['colcon_pkg']
[0.551s] Level 1:colcon.colcon_core.package_identification:_identify(src) by extension 'colcon_pkg'
[0.552s] Level 1:colcon.colcon_core.package_identification:_identify(src) by extensions ['colcon_meta']
[0.552s] Level 1:colcon.colcon_core.package_identification:_identify(src) by extension 'colcon_meta'
[0.552s] Level 1:colcon.colcon_core.package_identification:_identify(src) by extensions ['ros']
[0.552s] Level 1:colcon.colcon_core.package_identification:_identify(src) by extension 'ros'
[0.552s] Level 1:colcon.colcon_core.package_identification:_identify(src) by extensions ['cmake', 'python']
[0.552s] Level 1:colcon.colcon_core.package_identification:_identify(src) by extension 'cmake'
[0.552s] Level 1:colcon.colcon_core.package_identification:_identify(src) by extension 'python'
[0.552s] Level 1:colcon.colcon_core.package_identification:_identify(src) by extensions ['python_setup_py']
[0.552s] Level 1:colcon.colcon_core.package_identification:_identify(src) by extension 'python_setup_py'
[0.552s] Level 1:colcon.colcon_core.package_identification:_identify(src/build) by extensions ['ignore', 'ignore_ament_install']
[0.552s] Level 1:colcon.colcon_core.package_identification:_identify(src/build) by extension 'ignore'
[0.552s] Level 1:colcon.colcon_core.package_identification:_identify(src/build) ignored
[0.552s] Level 1:colcon.colcon_core.package_identification:_identify(src/f1tenth_msgs) by extensions ['ignore', 'ignore_ament_install']
[0.552s] Level 1:colcon.colcon_core.package_identification:_identify(src/f1tenth_msgs) by extension 'ignore'
[0.553s] Level 1:colcon.colcon_core.package_identification:_identify(src/f1tenth_msgs) by extension 'ignore_ament_install'
[0.553s] Level 1:colcon.colcon_core.package_identification:_identify(src/f1tenth_msgs) by extensions ['colcon_pkg']
[0.553s] Level 1:colcon.colcon_core.package_identification:_identify(src/f1tenth_msgs) by extension 'colcon_pkg'
[0.553s] Level 1:colcon.colcon_core.package_identification:_identify(src/f1tenth_msgs) by extensions ['colcon_meta']
[0.553s] Level 1:colcon.colcon_core.package_identification:_identify(src/f1tenth_msgs) by extension 'colcon_meta'
[0.553s] Level 1:colcon.colcon_core.package_identification:_identify(src/f1tenth_msgs) by extensions ['ros']
[0.553s] Level 1:colcon.colcon_core.package_identification:_identify(src/f1tenth_msgs) by extension 'ros'
[0.557s] DEBUG:colcon.colcon_core.package_identification:Package 'src/f1tenth_msgs' with type 'ros.ament_cmake' and name 'f1tenth_msgs'
[0.557s] Level 1:colcon.colcon_core.package_identification:_identify(src/install) by extensions ['ignore', 'ignore_ament_install']
[0.557s] Level 1:colcon.colcon_core.package_identification:_identify(src/install) by extension 'ignore'
[0.557s] Level 1:colcon.colcon_core.package_identification:_identify(src/install) ignored
[0.557s] Level 1:colcon.colcon_core.package_identification:_identify(src/log) by extensions ['ignore', 'ignore_ament_install']
[0.557s] Level 1:colcon.colcon_core.package_identification:_identify(src/log) by extension 'ignore'
[0.557s] Level 1:colcon.colcon_core.package_identification:_identify(src/log) ignored
[0.558s] Level 1:colcon.colcon_core.package_identification:_identify(src/ros2_basic) by extensions ['ignore', 'ignore_ament_install']
[0.558s] Level 1:colcon.colcon_core.package_identification:_identify(src/ros2_basic) by extension 'ignore'
[0.558s] Level 1:colcon.colcon_core.package_identification:_identify(src/ros2_basic) by extension 'ignore_ament_install'
[0.558s] Level 1:colcon.colcon_core.package_identification:_identify(src/ros2_basic) by extensions ['colcon_pkg']
[0.558s] Level 1:colcon.colcon_core.package_identification:_identify(src/ros2_basic) by extension 'colcon_pkg'
[0.558s] Level 1:colcon.colcon_core.package_identification:_identify(src/ros2_basic) by extensions ['colcon_meta']
[0.558s] Level 1:colcon.colcon_core.package_identification:_identify(src/ros2_basic) by extension 'colcon_meta'
[0.558s] Level 1:colcon.colcon_core.package_identification:_identify(src/ros2_basic) by extensions ['ros']
[0.558s] Level 1:colcon.colcon_core.package_identification:_identify(src/ros2_basic) by extension 'ros'
[0.559s] DEBUG:colcon.colcon_core.package_identification:Package 'src/ros2_basic' with type 'ros.ament_cmake' and name 'ros2_basic'
[0.559s] Level 1:colcon.colcon_core.package_discovery:discover_packages(recursive) using defaults
[0.559s] Level 1:colcon.colcon_core.package_discovery:discover_packages(ignore) discover
[0.559s] Level 1:colcon.colcon_core.package_discovery:discover_packages(ignore) using defaults
[0.559s] Level 1:colcon.colcon_core.package_discovery:discover_packages(path) discover
[0.559s] Level 1:colcon.colcon_core.package_discovery:discover_packages(path) using defaults
[0.594s] Level 5:colcon.colcon_core.verb:set package 'f1tenth_msgs' build argument 'cmake_args' from command line to 'None'
[0.595s] Level 5:colcon.colcon_core.verb:set package 'f1tenth_msgs' build argument 'cmake_target' from command line to 'None'
[0.595s] Level 5:colcon.colcon_core.verb:set package 'f1tenth_msgs' build argument 'cmake_target_skip_unavailable' from command line to 'False'
[0.595s] Level 5:colcon.colcon_core.verb:set package 'f1tenth_msgs' build argument 'cmake_clean_cache' from command line to 'False'
[0.595s] Level 5:colcon.colcon_core.verb:set package 'f1tenth_msgs' build argument 'cmake_clean_first' from command line to 'False'
[0.595s] Level 5:colcon.colcon_core.verb:set package 'f1tenth_msgs' build argument 'cmake_force_configure' from command line to 'False'
[0.595s] Level 5:colcon.colcon_core.verb:set package 'f1tenth_msgs' build argument 'ament_cmake_args' from command line to 'None'
[0.595s] Level 5:colcon.colcon_core.verb:set package 'f1tenth_msgs' build argument 'catkin_cmake_args' from command line to 'None'
[0.595s] Level 5:colcon.colcon_core.verb:set package 'f1tenth_msgs' build argument 'catkin_skip_building_tests' from command line to 'False'
[0.595s] DEBUG:colcon.colcon_core.verb:Building package 'f1tenth_msgs' with the following arguments: {'ament_cmake_args': None, 'build_base': '/f1tenth_ws/build/f1tenth_msgs', 'catkin_cmake_args': None, 'catkin_skip_building_tests': False, 'cmake_args': None, 'cmake_clean_cache': False, 'cmake_clean_first': False, 'cmake_force_configure': False, 'cmake_target': None, 'cmake_target_skip_unavailable': False, 'install_base': '/f1tenth_ws/install/f1tenth_msgs', 'merge_install': False, 'path': '/f1tenth_ws/src/f1tenth_msgs', 'symlink_install': False, 'test_result_base': None}
[0.597s] Level 5:colcon.colcon_core.verb:set package 'ros2_basic' build argument 'cmake_args' from command line to 'None'
[0.597s] Level 5:colcon.colcon_core.verb:set package 'ros2_basic' build argument 'cmake_target' from command line to 'None'
[0.597s] Level 5:colcon.colcon_core.verb:set package 'ros2_basic' build argument 'cmake_target_skip_unavailable' from command line to 'False'
[0.598s] Level 5:colcon.colcon_core.verb:set package 'ros2_basic' build argument 'cmake_clean_cache' from command line to 'False'
[0.598s] Level 5:colcon.colcon_core.verb:set package 'ros2_basic' build argument 'cmake_clean_first' from command line to 'False'
[0.598s] Level 5:colcon.colcon_core.verb:set package 'ros2_basic' build argument 'cmake_force_configure' from command line to 'False'
[0.598s] Level 5:colcon.colcon_core.verb:set package 'ros2_basic' build argument 'ament_cmake_args' from command line to 'None'
[0.598s] Level 5:colcon.colcon_core.verb:set package 'ros2_basic' build argument 'catkin_cmake_args' from command line to 'None'
[0.598s] Level 5:colcon.colcon_core.verb:set package 'ros2_basic' build argument 'catkin_skip_building_tests' from command line to 'False'
[0.598s] DEBUG:colcon.colcon_core.verb:Building package 'ros2_basic' with the following arguments: {'ament_cmake_args': None, 'build_base': '/f1tenth_ws/build/ros2_basic', 'catkin_cmake_args': None, 'catkin_skip_building_tests': False, 'cmake_args': None, 'cmake_clean_cache': False, 'cmake_clean_first': False, 'cmake_force_configure': False, 'cmake_target': None, 'cmake_target_skip_unavailable': False, 'install_base': '/f1tenth_ws/install/ros2_basic', 'merge_install': False, 'path': '/f1tenth_ws/src/ros2_basic', 'symlink_install': False, 'test_result_base': None}
[0.600s] INFO:colcon.colcon_core.executor:Executing jobs using 'parallel' executor
[0.606s] DEBUG:colcon.colcon_parallel_executor.executor.parallel:run_until_complete
[0.606s] INFO:colcon.colcon_ros.task.ament_cmake.build:Building ROS package in '/f1tenth_ws/src/f1tenth_msgs' with build type 'ament_cmake'
[0.606s] INFO:colcon.colcon_cmake.task.cmake.build:Building CMake package in '/f1tenth_ws/src/f1tenth_msgs'
[0.613s] INFO:colcon.colcon_core.plugin_system:Skipping extension 'colcon_core.shell.bat': Not used on non-Windows systems
[0.614s] INFO:colcon.colcon_core.shell:Skip shell extension 'powershell' for command environment: Not usable outside of PowerShell
[0.614s] DEBUG:colcon.colcon_core.shell:Skip shell extension 'dsv' for command environment
[0.626s] INFO:colcon.colcon_ros.task.ament_cmake.build:Building ROS package in '/f1tenth_ws/src/ros2_basic' with build type 'ament_cmake'
[0.627s] INFO:colcon.colcon_cmake.task.cmake.build:Building CMake package in '/f1tenth_ws/src/ros2_basic'
[0.631s] INFO:colcon.colcon_core.shell:Skip shell extension 'powershell' for command environment: Not usable outside of PowerShell
[0.632s] DEBUG:colcon.colcon_core.shell:Skip shell extension 'dsv' for command environment
[0.660s] DEBUG:colcon.colcon_core.event_handler.log_command:Invoking command in '/f1tenth_ws/build/f1tenth_msgs': CMAKE_PREFIX_PATH=${CMAKE_PREFIX_PATH}:/sim_ws/install/f1tenth_gym_ros:/opt/ros/foxy /usr/bin/cmake --build /f1tenth_ws/build/f1tenth_msgs -- -j8 -l8
[0.674s] DEBUG:colcon.colcon_core.event_handler.log_command:Invoking command in '/f1tenth_ws/build/ros2_basic': CMAKE_PREFIX_PATH=${CMAKE_PREFIX_PATH}:/sim_ws/install/f1tenth_gym_ros:/opt/ros/foxy /usr/bin/cmake --build /f1tenth_ws/build/ros2_basic -- -j8 -l8
[0.752s] DEBUG:colcon.colcon_core.event_handler.log_command:Invoked command in '/f1tenth_ws/build/ros2_basic' returned '0': CMAKE_PREFIX_PATH=${CMAKE_PREFIX_PATH}:/sim_ws/install/f1tenth_gym_ros:/opt/ros/foxy /usr/bin/cmake --build /f1tenth_ws/build/ros2_basic -- -j8 -l8
[0.846s] DEBUG:colcon.colcon_core.event_handler.log_command:Invoking command in '/f1tenth_ws/build/ros2_basic': CMAKE_PREFIX_PATH=${CMAKE_PREFIX_PATH}:/sim_ws/install/f1tenth_gym_ros:/opt/ros/foxy /usr/bin/cmake --install /f1tenth_ws/build/ros2_basic
[0.871s] Level 1:colcon.colcon_core.environment:create_environment_scripts_only(ros2_basic)
[0.872s] DEBUG:colcon.colcon_core.event_handler.log_command:Invoked command in '/f1tenth_ws/build/ros2_basic' returned '0': CMAKE_PREFIX_PATH=${CMAKE_PREFIX_PATH}:/sim_ws/install/f1tenth_gym_ros:/opt/ros/foxy /usr/bin/cmake --install /f1tenth_ws/build/ros2_basic
[0.881s] Level 1:colcon.colcon_core.environment:checking '/f1tenth_ws/install/ros2_basic' for CMake module files
[0.882s] Level 1:colcon.colcon_core.environment:checking '/f1tenth_ws/install/ros2_basic' for CMake config files
[0.883s] Level 1:colcon.colcon_core.shell:create_environment_hook('ros2_basic', 'cmake_prefix_path')
[0.885s] INFO:colcon.colcon_core.shell:Creating environment hook '/f1tenth_ws/install/ros2_basic/share/ros2_basic/hook/cmake_prefix_path.ps1'
[0.888s] INFO:colcon.colcon_core.shell:Creating environment descriptor '/f1tenth_ws/install/ros2_basic/share/ros2_basic/hook/cmake_prefix_path.dsv'
[0.889s] INFO:colcon.colcon_core.shell:Creating environment hook '/f1tenth_ws/install/ros2_basic/share/ros2_basic/hook/cmake_prefix_path.sh'
[0.890s] Level 1:colcon.colcon_core.environment:checking '/f1tenth_ws/install/ros2_basic/lib'
[0.891s] Level 1:colcon.colcon_core.environment:checking '/f1tenth_ws/install/ros2_basic/bin'
[0.891s] Level 1:colcon.colcon_core.environment:checking '/f1tenth_ws/install/ros2_basic/lib/pkgconfig/ros2_basic.pc'
[0.892s] Level 1:colcon.colcon_core.environment:checking '/f1tenth_ws/install/ros2_basic/lib/python3.8/site-packages'
[0.893s] Level 1:colcon.colcon_core.environment:checking '/f1tenth_ws/install/ros2_basic/bin'
[0.895s] INFO:colcon.colcon_core.shell:Creating package script '/f1tenth_ws/install/ros2_basic/share/ros2_basic/package.ps1'
[0.897s] INFO:colcon.colcon_core.shell:Creating package descriptor '/f1tenth_ws/install/ros2_basic/share/ros2_basic/package.dsv'
[0.897s] INFO:colcon.colcon_core.shell:Creating package script '/f1tenth_ws/install/ros2_basic/share/ros2_basic/package.sh'
[0.898s] INFO:colcon.colcon_core.shell:Creating package script '/f1tenth_ws/install/ros2_basic/share/ros2_basic/package.bash'
[0.899s] INFO:colcon.colcon_core.shell:Creating package script '/f1tenth_ws/install/ros2_basic/share/ros2_basic/package.zsh'
[0.901s] Level 1:colcon.colcon_core.environment:create_file_with_runtime_dependencies(/f1tenth_ws/install/ros2_basic/share/colcon-core/packages/ros2_basic)
[0.950s] Level 1:colcon.colcon_core.environment:create_environment_scripts_only(ros2_basic)
[0.955s] Level 1:colcon.colcon_core.environment:checking '/f1tenth_ws/install/ros2_basic' for CMake module files
[0.956s] Level 1:colcon.colcon_core.environment:checking '/f1tenth_ws/install/ros2_basic' for CMake config files
[0.957s] Level 1:colcon.colcon_core.shell:create_environment_hook('ros2_basic', 'cmake_prefix_path')
[0.958s] INFO:colcon.colcon_core.shell:Creating environment hook '/f1tenth_ws/install/ros2_basic/share/ros2_basic/hook/cmake_prefix_path.ps1'
[0.959s] INFO:colcon.colcon_core.shell:Creating environment descriptor '/f1tenth_ws/install/ros2_basic/share/ros2_basic/hook/cmake_prefix_path.dsv'
[0.960s] INFO:colcon.colcon_core.shell:Creating environment hook '/f1tenth_ws/install/ros2_basic/share/ros2_basic/hook/cmake_prefix_path.sh'
[0.961s] Level 1:colcon.colcon_core.environment:checking '/f1tenth_ws/install/ros2_basic/lib'
[0.961s] Level 1:colcon.colcon_core.environment:checking '/f1tenth_ws/install/ros2_basic/bin'
[0.962s] Level 1:colcon.colcon_core.environment:checking '/f1tenth_ws/install/ros2_basic/lib/pkgconfig/ros2_basic.pc'
[0.962s] Level 1:colcon.colcon_core.environment:checking '/f1tenth_ws/install/ros2_basic/lib/python3.8/site-packages'
[0.962s] Level 1:colcon.colcon_core.environment:checking '/f1tenth_ws/install/ros2_basic/bin'
[0.965s] INFO:colcon.colcon_core.shell:Creating package script '/f1tenth_ws/install/ros2_basic/share/ros2_basic/package.ps1'
[0.966s] INFO:colcon.colcon_core.shell:Creating package descriptor '/f1tenth_ws/install/ros2_basic/share/ros2_basic/package.dsv'
[0.967s] INFO:colcon.colcon_core.shell:Creating package script '/f1tenth_ws/install/ros2_basic/share/ros2_basic/package.sh'
[0.967s] INFO:colcon.colcon_core.shell:Creating package script '/f1tenth_ws/install/ros2_basic/share/ros2_basic/package.bash'
[0.968s] INFO:colcon.colcon_core.shell:Creating package script '/f1tenth_ws/install/ros2_basic/share/ros2_basic/package.zsh'
[0.968s] Level 1:colcon.colcon_core.environment:create_file_with_runtime_dependencies(/f1tenth_ws/install/ros2_basic/share/colcon-core/packages/ros2_basic)
[1.130s] DEBUG:colcon.colcon_core.event_handler.log_command:Invoked command in '/f1tenth_ws/build/f1tenth_msgs' returned '0': CMAKE_PREFIX_PATH=${CMAKE_PREFIX_PATH}:/sim_ws/install/f1tenth_gym_ros:/opt/ros/foxy /usr/bin/cmake --build /f1tenth_ws/build/f1tenth_msgs -- -j8 -l8
[1.313s] DEBUG:colcon.colcon_core.event_handler.log_command:Invoking command in '/f1tenth_ws/build/f1tenth_msgs': CMAKE_PREFIX_PATH=${CMAKE_PREFIX_PATH}:/sim_ws/install/f1tenth_gym_ros:/opt/ros/foxy /usr/bin/cmake --install /f1tenth_ws/build/f1tenth_msgs
[1.414s] Level 1:colcon.colcon_core.environment:create_environment_scripts_only(f1tenth_msgs)
[1.417s] Level 1:colcon.colcon_core.environment:checking '/f1tenth_ws/install/f1tenth_msgs' for CMake module files
[1.418s] DEBUG:colcon.colcon_core.event_handler.log_command:Invoked command in '/f1tenth_ws/build/f1tenth_msgs' returned '0': CMAKE_PREFIX_PATH=${CMAKE_PREFIX_PATH}:/sim_ws/install/f1tenth_gym_ros:/opt/ros/foxy /usr/bin/cmake --install /f1tenth_ws/build/f1tenth_msgs
[1.419s] Level 1:colcon.colcon_core.environment:checking '/f1tenth_ws/install/f1tenth_msgs' for CMake config files
[1.419s] Level 1:colcon.colcon_core.shell:create_environment_hook('f1tenth_msgs', 'cmake_prefix_path')
[1.421s] INFO:colcon.colcon_core.shell:Creating environment hook '/f1tenth_ws/install/f1tenth_msgs/share/f1tenth_msgs/hook/cmake_prefix_path.ps1'
[1.422s] INFO:colcon.colcon_core.shell:Creating environment descriptor '/f1tenth_ws/install/f1tenth_msgs/share/f1tenth_msgs/hook/cmake_prefix_path.dsv'
[1.423s] INFO:colcon.colcon_core.shell:Creating environment hook '/f1tenth_ws/install/f1tenth_msgs/share/f1tenth_msgs/hook/cmake_prefix_path.sh'
[1.423s] Level 1:colcon.colcon_core.environment:checking '/f1tenth_ws/install/f1tenth_msgs/lib'
[1.424s] Level 1:colcon.colcon_core.shell:create_environment_hook('f1tenth_msgs', 'ld_library_path_lib')
[1.426s] INFO:colcon.colcon_core.shell:Creating environment hook '/f1tenth_ws/install/f1tenth_msgs/share/f1tenth_msgs/hook/ld_library_path_lib.ps1'
[1.427s] INFO:colcon.colcon_core.shell:Creating environment descriptor '/f1tenth_ws/install/f1tenth_msgs/share/f1tenth_msgs/hook/ld_library_path_lib.dsv'
[1.428s] INFO:colcon.colcon_core.shell:Creating environment hook '/f1tenth_ws/install/f1tenth_msgs/share/f1tenth_msgs/hook/ld_library_path_lib.sh'
[1.430s] Level 1:colcon.colcon_core.environment:checking '/f1tenth_ws/install/f1tenth_msgs/bin'
[1.430s] Level 1:colcon.colcon_core.environment:checking '/f1tenth_ws/install/f1tenth_msgs/lib/pkgconfig/f1tenth_msgs.pc'
[1.430s] Level 1:colcon.colcon_core.environment:checking '/f1tenth_ws/install/f1tenth_msgs/lib/python3.8/site-packages'
[1.431s] Level 1:colcon.colcon_core.shell:create_environment_hook('f1tenth_msgs', 'pythonpath')
[1.433s] INFO:colcon.colcon_core.shell:Creating environment hook '/f1tenth_ws/install/f1tenth_msgs/share/f1tenth_msgs/hook/pythonpath.ps1'
[1.434s] INFO:colcon.colcon_core.shell:Creating environment descriptor '/f1tenth_ws/install/f1tenth_msgs/share/f1tenth_msgs/hook/pythonpath.dsv'
[1.435s] INFO:colcon.colcon_core.shell:Creating environment hook '/f1tenth_ws/install/f1tenth_msgs/share/f1tenth_msgs/hook/pythonpath.sh'
[1.436s] Level 1:colcon.colcon_core.environment:checking '/f1tenth_ws/install/f1tenth_msgs/bin'
[1.438s] INFO:colcon.colcon_core.shell:Creating package script '/f1tenth_ws/install/f1tenth_msgs/share/f1tenth_msgs/package.ps1'
[1.439s] INFO:colcon.colcon_core.shell:Creating package descriptor '/f1tenth_ws/install/f1tenth_msgs/share/f1tenth_msgs/package.dsv'
[1.440s] INFO:colcon.colcon_core.shell:Creating package script '/f1tenth_ws/install/f1tenth_msgs/share/f1tenth_msgs/package.sh'
[1.441s] INFO:colcon.colcon_core.shell:Creating package script '/f1tenth_ws/install/f1tenth_msgs/share/f1tenth_msgs/package.bash'
[1.441s] INFO:colcon.colcon_core.shell:Creating package script '/f1tenth_ws/install/f1tenth_msgs/share/f1tenth_msgs/package.zsh'
[1.442s] Level 1:colcon.colcon_core.environment:create_file_with_runtime_dependencies(/f1tenth_ws/install/f1tenth_msgs/share/colcon-core/packages/f1tenth_msgs)
[1.583s] Level 1:colcon.colcon_core.environment:create_environment_scripts_only(f1tenth_msgs)
[1.587s] Level 1:colcon.colcon_core.environment:checking '/f1tenth_ws/install/f1tenth_msgs' for CMake module files
[1.588s] Level 1:colcon.colcon_core.environment:checking '/f1tenth_ws/install/f1tenth_msgs' for CMake config files
[1.589s] Level 1:colcon.colcon_core.shell:create_environment_hook('f1tenth_msgs', 'cmake_prefix_path')
[1.592s] INFO:colcon.colcon_core.shell:Creating environment hook '/f1tenth_ws/install/f1tenth_msgs/share/f1tenth_msgs/hook/cmake_prefix_path.ps1'
[1.593s] INFO:colcon.colcon_core.shell:Creating environment descriptor '/f1tenth_ws/install/f1tenth_msgs/share/f1tenth_msgs/hook/cmake_prefix_path.dsv'
[1.594s] INFO:colcon.colcon_core.shell:Creating environment hook '/f1tenth_ws/install/f1tenth_msgs/share/f1tenth_msgs/hook/cmake_prefix_path.sh'
[1.595s] Level 1:colcon.colcon_core.environment:checking '/f1tenth_ws/install/f1tenth_msgs/lib'
[1.595s] Level 1:colcon.colcon_core.shell:create_environment_hook('f1tenth_msgs', 'ld_library_path_lib')
[1.597s] INFO:colcon.colcon_core.shell:Creating environment hook '/f1tenth_ws/install/f1tenth_msgs/share/f1tenth_msgs/hook/ld_library_path_lib.ps1'
[1.598s] INFO:colcon.colcon_core.shell:Creating environment descriptor '/f1tenth_ws/install/f1tenth_msgs/share/f1tenth_msgs/hook/ld_library_path_lib.dsv'
[1.598s] INFO:colcon.colcon_core.shell:Creating environment hook '/f1tenth_ws/install/f1tenth_msgs/share/f1tenth_msgs/hook/ld_library_path_lib.sh'
[1.599s] Level 1:colcon.colcon_core.environment:checking '/f1tenth_ws/install/f1tenth_msgs/bin'
[1.599s] Level 1:colcon.colcon_core.environment:checking '/f1tenth_ws/install/f1tenth_msgs/lib/pkgconfig/f1tenth_msgs.pc'
[1.599s] Level 1:colcon.colcon_core.environment:checking '/f1tenth_ws/install/f1tenth_msgs/lib/python3.8/site-packages'
[1.599s] Level 1:colcon.colcon_core.shell:create_environment_hook('f1tenth_msgs', 'pythonpath')
[1.601s] INFO:colcon.colcon_core.shell:Creating environment hook '/f1tenth_ws/install/f1tenth_msgs/share/f1tenth_msgs/hook/pythonpath.ps1'
[1.601s] INFO:colcon.colcon_core.shell:Creating environment descriptor '/f1tenth_ws/install/f1tenth_msgs/share/f1tenth_msgs/hook/pythonpath.dsv'
[1.602s] INFO:colcon.colcon_core.shell:Creating environment hook '/f1tenth_ws/install/f1tenth_msgs/share/f1tenth_msgs/hook/pythonpath.sh'
[1.602s] Level 1:colcon.colcon_core.environment:checking '/f1tenth_ws/install/f1tenth_msgs/bin'
[1.605s] INFO:colcon.colcon_core.shell:Creating package script '/f1tenth_ws/install/f1tenth_msgs/share/f1tenth_msgs/package.ps1'
[1.606s] INFO:colcon.colcon_core.shell:Creating package descriptor '/f1tenth_ws/install/f1tenth_msgs/share/f1tenth_msgs/package.dsv'
[1.606s] INFO:colcon.colcon_core.shell:Creating package script '/f1tenth_ws/install/f1tenth_msgs/share/f1tenth_msgs/package.sh'
[1.607s] INFO:colcon.colcon_core.shell:Creating package script '/f1tenth_ws/install/f1tenth_msgs/share/f1tenth_msgs/package.bash'
[1.608s] INFO:colcon.colcon_core.shell:Creating package script '/f1tenth_ws/install/f1tenth_msgs/share/f1tenth_msgs/package.zsh'
[1.608s] Level 1:colcon.colcon_core.environment:create_file_with_runtime_dependencies(/f1tenth_ws/install/f1tenth_msgs/share/colcon-core/packages/f1tenth_msgs)
[1.609s] DEBUG:colcon.colcon_parallel_executor.executor.parallel:closing loop
[1.609s] DEBUG:colcon.colcon_parallel_executor.executor.parallel:loop closed
[1.610s] DEBUG:colcon.colcon_parallel_executor.executor.parallel:run_until_complete finished with '0'
[1.610s] DEBUG:colcon.colcon_core.event_reactor:joining thread
[1.621s] INFO:colcon.colcon_core.plugin_system:Skipping extension 'colcon_notification.desktop_notification.notify_send': Could not find 'notify-send'
[1.621s] INFO:colcon.colcon_core.plugin_system:Skipping extension 'colcon_notification.desktop_notification.terminal_notifier': Not used on non-Darwin systems
[1.622s] INFO:colcon.colcon_core.plugin_system:Skipping extension 'colcon_notification.desktop_notification.win32': Not used on non-Windows systems
[1.622s] INFO:colcon.colcon_notification.desktop_notification:Sending desktop notification using 'notify2'
[1.626s] DEBUG:colcon.colcon_notification.desktop_notification.notify2:Failed to initialize notify2: org.freedesktop.DBus.Error.Spawn.ExecFailed: /usr/bin/dbus-launch terminated abnormally without any error message
[1.627s] DEBUG:colcon.colcon_core.event_reactor:joined thread
[1.631s] INFO:colcon.colcon_core.shell:Creating prefix script '/f1tenth_ws/install/local_setup.ps1'
[1.633s] INFO:colcon.colcon_core.shell:Creating prefix util module '/f1tenth_ws/install/_local_setup_util_ps1.py'
[1.635s] INFO:colcon.colcon_core.shell:Creating prefix chain script '/f1tenth_ws/install/setup.ps1'
[1.637s] INFO:colcon.colcon_core.shell:Creating prefix script '/f1tenth_ws/install/local_setup.sh'
[1.637s] INFO:colcon.colcon_core.shell:Creating prefix util module '/f1tenth_ws/install/_local_setup_util_sh.py'
[1.638s] INFO:colcon.colcon_core.shell:Creating prefix chain script '/f1tenth_ws/install/setup.sh'
[1.641s] INFO:colcon.colcon_core.shell:Creating prefix script '/f1tenth_ws/install/local_setup.bash'
[1.642s] INFO:colcon.colcon_core.shell:Creating prefix chain script '/f1tenth_ws/install/setup.bash'
[1.644s] INFO:colcon.colcon_core.shell:Creating prefix script '/f1tenth_ws/install/local_setup.zsh'
[1.646s] INFO:colcon.colcon_core.shell:Creating prefix chain script '/f1tenth_ws/install/setup.zsh'
