[0.027s] Invoking command in '/f1tenth_ws/build/ros2_basic': CMAKE_PREFIX_PATH=${CMAKE_PREFIX_PATH}:/sim_ws/install/f1tenth_gym_ros:/opt/ros/foxy /usr/bin/cmake /f1tenth_ws/src/ros2_basic -DCMAKE_INSTALL_PREFIX=/f1tenth_ws/install/ros2_basic
[0.111s] -- The C compiler identification is GNU 9.4.0
[0.180s] -- The CXX compiler identification is GNU 9.4.0
[0.186s] -- Check for working C compiler: /usr/bin/cc
[0.286s] -- Check for working C compiler: /usr/bin/cc -- works
[0.288s] -- Detecting C compiler ABI info
[0.399s] -- Detecting C compiler ABI info - done
[0.425s] -- Detecting C compile features
[0.426s] -- Detecting C compile features - done
[0.430s] -- Check for working CXX compiler: /usr/bin/c++
[0.540s] -- Check for working CXX compiler: /usr/bin/c++ -- works
[0.541s] -- Detecting CXX compiler ABI info
[0.653s] -- Detecting CXX compiler ABI info - done
[0.665s] -- Detecting CXX compile features
[0.666s] -- Detecting CXX compile features - done
[0.669s] -- Found ament_cmake: 0.9.12 (/opt/ros/foxy/share/ament_cmake/cmake)
[0.695s] -- Found PythonInterp: /usr/bin/python3 (found suitable version "3.8.10", minimum required is "3") 
[0.695s] -- Using PYTHON_EXECUTABLE: /usr/bin/python3
[0.901s] -- Found rclcpp: 2.4.3 (/opt/ros/foxy/share/rclcpp/cmake)
[0.971s] -- Using all available rosidl_typesupport_c: rosidl_typesupport_fastrtps_c;rosidl_typesupport_introspection_c
[0.979s] -- Found rosidl_adapter: 1.3.1 (/opt/ros/foxy/share/rosidl_adapter/cmake)
[1.094s] -- Found OpenSSL: /usr/lib/x86_64-linux-gnu/libcrypto.so (found version "1.1.1f")  
[1.124s] -- Found FastRTPS: /opt/ros/foxy/include  
[1.216s] -- Using all available rosidl_typesupport_cpp: rosidl_typesupport_fastrtps_cpp;rosidl_typesupport_introspection_cpp
[1.295s] -- Found rmw_implementation_cmake: 1.0.4 (/opt/ros/foxy/share/rmw_implementation_cmake/cmake)
[1.298s] -- Using RMW implementation 'rmw_fastrtps_cpp' as default
[1.299s] -- Looking for pthread.h
[1.406s] -- Looking for pthread.h - found
[1.407s] -- Performing Test CMAKE_HAVE_LIBC_PTHREAD
[1.518s] -- Performing Test CMAKE_HAVE_LIBC_PTHREAD - Failed
[1.518s] -- Looking for pthread_create in pthreads
[1.605s] -- Looking for pthread_create in pthreads - not found
[1.606s] -- Looking for pthread_create in pthread
[1.704s] -- Looking for pthread_create in pthread - found
[1.705s] -- Found Threads: TRUE  
[1.932s] -- Found rclpy: 1.0.13 (/opt/ros/foxy/share/rclpy/cmake)
[1.934s] -- Found ament_lint_auto: 0.9.8 (/opt/ros/foxy/share/ament_lint_auto/cmake)
[2.036s] -- Added test 'flake8' to check Python code syntax and style conventions
[2.037s] -- Added test 'lint_cmake' to check CMake code style
[2.037s] -- Added test 'pep257' to check Python code against some of the style conventions in PEP 257
[2.039s] -- Added test 'xmllint' to check XML markup files
[2.042s] -- Configuring done
[2.045s] -- Generating done
[2.047s] -- Build files have been written to: /f1tenth_ws/build/ros2_basic
[2.060s] Invoked command in '/f1tenth_ws/build/ros2_basic' returned '0': CMAKE_PREFIX_PATH=${CMAKE_PREFIX_PATH}:/sim_ws/install/f1tenth_gym_ros:/opt/ros/foxy /usr/bin/cmake /f1tenth_ws/src/ros2_basic -DCMAKE_INSTALL_PREFIX=/f1tenth_ws/install/ros2_basic
[2.063s] Invoking command in '/f1tenth_ws/build/ros2_basic': CMAKE_PREFIX_PATH=${CMAKE_PREFIX_PATH}:/sim_ws/install/f1tenth_gym_ros:/opt/ros/foxy /usr/bin/cmake --build /f1tenth_ws/build/ros2_basic -- -j8 -l8
[2.124s] Invoked command in '/f1tenth_ws/build/ros2_basic' returned '0': CMAKE_PREFIX_PATH=${CMAKE_PREFIX_PATH}:/sim_ws/install/f1tenth_gym_ros:/opt/ros/foxy /usr/bin/cmake --build /f1tenth_ws/build/ros2_basic -- -j8 -l8
[2.178s] Invoking command in '/f1tenth_ws/build/ros2_basic': CMAKE_PREFIX_PATH=${CMAKE_PREFIX_PATH}:/sim_ws/install/f1tenth_gym_ros:/opt/ros/foxy /usr/bin/cmake --install /f1tenth_ws/build/ros2_basic
[2.190s] -- Install configuration: ""
[2.190s] -- Installing: /f1tenth_ws/install/ros2_basic/lib/ros2_basic/simple_node.py
[2.190s] -- Installing: /f1tenth_ws/install/ros2_basic/lib/ros2_basic/publisher_node.py
[2.190s] -- Installing: /f1tenth_ws/install/ros2_basic/lib/ros2_basic/subscriber_node.py
[2.190s] -- Installing: /f1tenth_ws/install/ros2_basic/lib/ros2_basic/drive.py
[2.190s] -- Installing: /f1tenth_ws/install/ros2_basic/lib/ros2_basic/odom.py
[2.190s] -- Installing: /f1tenth_ws/install/ros2_basic/lib/ros2_basic/control_meter.py
[2.191s] -- Installing: /f1tenth_ws/install/ros2_basic/lib/ros2_basic/scan_node.py
[2.191s] -- Installing: /f1tenth_ws/install/ros2_basic/lib/ros2_basic/detectObstacle.py
[2.191s] -- Installing: /f1tenth_ws/install/ros2_basic/lib/ros2_basic/detectObstacle1.py
[2.191s] -- Installing: /f1tenth_ws/install/ros2_basic/lib/ros2_basic/simple_server.py
[2.191s] -- Installing: /f1tenth_ws/install/ros2_basic/lib/ros2_basic/simple_clients.py
[2.191s] -- Installing: /f1tenth_ws/install/ros2_basic/lib/ros2_basic/1_clients_detectObstacle.py
[2.191s] -- Installing: /f1tenth_ws/install/ros2_basic/lib/ros2_basic/1_server_detectObstacle.py
[2.192s] -- Installing: /f1tenth_ws/install/ros2_basic/share/ament_index/resource_index/package_run_dependencies/ros2_basic
[2.192s] -- Installing: /f1tenth_ws/install/ros2_basic/share/ament_index/resource_index/parent_prefix_path/ros2_basic
[2.192s] -- Installing: /f1tenth_ws/install/ros2_basic/share/ros2_basic/environment/ament_prefix_path.sh
[2.192s] -- Installing: /f1tenth_ws/install/ros2_basic/share/ros2_basic/environment/ament_prefix_path.dsv
[2.192s] -- Installing: /f1tenth_ws/install/ros2_basic/share/ros2_basic/environment/path.sh
[2.192s] -- Installing: /f1tenth_ws/install/ros2_basic/share/ros2_basic/environment/path.dsv
[2.193s] -- Installing: /f1tenth_ws/install/ros2_basic/share/ros2_basic/local_setup.bash
[2.193s] -- Installing: /f1tenth_ws/install/ros2_basic/share/ros2_basic/local_setup.sh
[2.193s] -- Installing: /f1tenth_ws/install/ros2_basic/share/ros2_basic/local_setup.zsh
[2.193s] -- Installing: /f1tenth_ws/install/ros2_basic/share/ros2_basic/local_setup.dsv
[2.193s] -- Installing: /f1tenth_ws/install/ros2_basic/share/ros2_basic/package.dsv
[2.193s] -- Installing: /f1tenth_ws/install/ros2_basic/share/ament_index/resource_index/packages/ros2_basic
[2.194s] -- Installing: /f1tenth_ws/install/ros2_basic/share/ros2_basic/cmake/ros2_basicConfig.cmake
[2.194s] -- Installing: /f1tenth_ws/install/ros2_basic/share/ros2_basic/cmake/ros2_basicConfig-version.cmake
[2.194s] -- Installing: /f1tenth_ws/install/ros2_basic/share/ros2_basic/package.xml
[2.197s] Invoked command in '/f1tenth_ws/build/ros2_basic' returned '0': CMAKE_PREFIX_PATH=${CMAKE_PREFIX_PATH}:/sim_ws/install/f1tenth_gym_ros:/opt/ros/foxy /usr/bin/cmake --install /f1tenth_ws/build/ros2_basic
